2019-01-06 16:07:59.097 [restartedMain] INFO  com.baizhi.springb1.Springb1Application - Starting Springb1Application on MyPC with PID 24036 (D:\ideaworkspace\springb\springb-1\target\classes started by HENGEN in D:\ideaworkspace\springb\springb-1)
2019-01-06 16:07:59.102 [restartedMain] INFO  com.baizhi.springb1.Springb1Application - No active profile set, falling back to default profiles: default
2019-01-06 16:07:59.402 [restartedMain] INFO  o.s.b.c.e.AnnotationConfigEmbeddedWebApplicationContext - Refreshing org.springframework.boot.context.embedded.AnnotationConfigEmbeddedWebApplicationContext@5f0e1114: startup date [Sun Jan 06 16:07:59 CST 2019]; root of context hierarchy
2019-01-06 16:08:00.656 [background-preinit] INFO  org.hibernate.validator.internal.util.Version - HV000001: Hibernate Validator 5.3.5.Final
2019-01-06 16:08:04.031 [restartedMain] WARN  tk.mybatis.spring.mapper.ClassPathMapperScanner - No MyBatis mapper was found in '[com.baizhi.springb1]' package. Please check your configuration.
2019-01-06 16:08:04.233 [restartedMain] WARN  org.mybatis.spring.mapper.ClassPathMapperScanner - No MyBatis mapper was found in '[com.baizhi.springb1]' package. Please check your configuration.
2019-01-06 16:08:04.553 [restartedMain] INFO  o.s.d.r.config.RepositoryConfigurationDelegate - Multiple Spring Data modules found, entering strict repository configuration mode!
2019-01-06 16:08:06.363 [restartedMain] INFO  o.s.c.s.PostProcessorRegistrationDelegate$BeanPostProcessorChecker - Bean 'shiroFilterConf' of type [com.baizhi.springb1.shiro.ShiroFilterConf$$EnhancerBySpringCGLIB$$e51af25] is not eligible for getting processed by all BeanPostProcessors (for example: not eligible for auto-proxying)
2019-01-06 16:08:06.397 [restartedMain] INFO  o.s.c.s.PostProcessorRegistrationDelegate$BeanPostProcessorChecker - Bean 'org.springframework.transaction.annotation.ProxyTransactionManagementConfiguration' of type [org.springframework.transaction.annotation.ProxyTransactionManagementConfiguration$$EnhancerBySpringCGLIB$$644077f2] is not eligible for getting processed by all BeanPostProcessors (for example: not eligible for auto-proxying)
2019-01-06 16:08:06.560 [restartedMain] INFO  o.s.c.s.PostProcessorRegistrationDelegate$BeanPostProcessorChecker - Bean 'getCredentialsMatcher' of type [org.apache.shiro.authc.credential.HashedCredentialsMatcher] is not eligible for getting processed by all BeanPostProcessors (for example: not eligible for auto-proxying)
2019-01-06 16:08:06.989 [restartedMain] INFO  o.s.c.s.PostProcessorRegistrationDelegate$BeanPostProcessorChecker - Bean 'mybatis-tk.mybatis.mapper.autoconfigure.MybatisProperties' of type [tk.mybatis.mapper.autoconfigure.MybatisProperties] is not eligible for getting processed by all BeanPostProcessors (for example: not eligible for auto-proxying)
2019-01-06 16:08:07.009 [restartedMain] INFO  o.s.c.s.PostProcessorRegistrationDelegate$BeanPostProcessorChecker - Bean 'tk.mybatis.mapper.autoconfigure.MapperAutoConfiguration' of type [tk.mybatis.mapper.autoconfigure.MapperAutoConfiguration$$EnhancerBySpringCGLIB$$1a311f8b] is not eligible for getting processed by all BeanPostProcessors (for example: not eligible for auto-proxying)
2019-01-06 16:08:07.019 [restartedMain] INFO  o.s.c.s.PostProcessorRegistrationDelegate$BeanPostProcessorChecker - Bean 'org.springframework.boot.autoconfigure.jdbc.DataSourceConfiguration$Generic' of type [org.springframework.boot.autoconfigure.jdbc.DataSourceConfiguration$Generic] is not eligible for getting processed by all BeanPostProcessors (for example: not eligible for auto-proxying)
2019-01-06 16:08:07.128 [restartedMain] INFO  o.s.c.s.PostProcessorRegistrationDelegate$BeanPostProcessorChecker - Bean 'spring.datasource-org.springframework.boot.autoconfigure.jdbc.DataSourceProperties' of type [org.springframework.boot.autoconfigure.jdbc.DataSourceProperties] is not eligible for getting processed by all BeanPostProcessors (for example: not eligible for auto-proxying)
2019-01-06 16:08:07.466 [restartedMain] INFO  o.s.c.s.PostProcessorRegistrationDelegate$BeanPostProcessorChecker - Bean 'dataSource' of type [com.alibaba.druid.pool.DruidDataSource] is not eligible for getting processed by all BeanPostProcessors (for example: not eligible for auto-proxying)
2019-01-06 16:08:07.488 [restartedMain] INFO  o.s.c.s.PostProcessorRegistrationDelegate$BeanPostProcessorChecker - Bean 'org.springframework.boot.autoconfigure.jdbc.DataSourceAutoConfiguration' of type [org.springframework.boot.autoconfigure.jdbc.DataSourceAutoConfiguration$$EnhancerBySpringCGLIB$$46341b52] is not eligible for getting processed by all BeanPostProcessors (for example: not eligible for auto-proxying)
2019-01-06 16:08:07.516 [restartedMain] INFO  o.s.c.s.PostProcessorRegistrationDelegate$BeanPostProcessorChecker - Bean 'dataSourceInitializer' of type [org.springframework.boot.autoconfigure.jdbc.DataSourceInitializer] is not eligible for getting processed by all BeanPostProcessors (for example: not eligible for auto-proxying)
2019-01-06 16:08:08.211 [restartedMain] INFO  o.s.c.s.PostProcessorRegistrationDelegate$BeanPostProcessorChecker - Bean 'sqlSessionFactory' of type [org.apache.ibatis.session.defaults.DefaultSqlSessionFactory] is not eligible for getting processed by all BeanPostProcessors (for example: not eligible for auto-proxying)
2019-01-06 16:08:08.246 [restartedMain] INFO  o.s.c.s.PostProcessorRegistrationDelegate$BeanPostProcessorChecker - Bean 'sqlSessionTemplate' of type [org.mybatis.spring.SqlSessionTemplate] is not eligible for getting processed by all BeanPostProcessors (for example: not eligible for auto-proxying)
2019-01-06 16:08:08.527 [restartedMain] INFO  o.s.c.s.PostProcessorRegistrationDelegate$BeanPostProcessorChecker - Bean 'adminMapper' of type [tk.mybatis.spring.mapper.MapperFactoryBean] is not eligible for getting processed by all BeanPostProcessors (for example: not eligible for auto-proxying)
2019-01-06 16:08:08.532 [restartedMain] INFO  o.s.c.s.PostProcessorRegistrationDelegate$BeanPostProcessorChecker - Bean 'adminMapper' of type [com.sun.proxy.$Proxy75] is not eligible for getting processed by all BeanPostProcessors (for example: not eligible for auto-proxying)
2019-01-06 16:08:08.660 [restartedMain] INFO  o.s.c.s.PostProcessorRegistrationDelegate$BeanPostProcessorChecker - Bean 'u_RMapper' of type [tk.mybatis.spring.mapper.MapperFactoryBean] is not eligible for getting processed by all BeanPostProcessors (for example: not eligible for auto-proxying)
2019-01-06 16:08:08.665 [restartedMain] INFO  o.s.c.s.PostProcessorRegistrationDelegate$BeanPostProcessorChecker - Bean 'u_RMapper' of type [com.sun.proxy.$Proxy78] is not eligible for getting processed by all BeanPostProcessors (for example: not eligible for auto-proxying)
2019-01-06 16:08:08.771 [restartedMain] INFO  o.s.c.s.PostProcessorRegistrationDelegate$BeanPostProcessorChecker - Bean 'roleMapper' of type [tk.mybatis.spring.mapper.MapperFactoryBean] is not eligible for getting processed by all BeanPostProcessors (for example: not eligible for auto-proxying)
2019-01-06 16:08:08.781 [restartedMain] INFO  o.s.c.s.PostProcessorRegistrationDelegate$BeanPostProcessorChecker - Bean 'roleMapper' of type [com.sun.proxy.$Proxy79] is not eligible for getting processed by all BeanPostProcessors (for example: not eligible for auto-proxying)
2019-01-06 16:08:08.928 [restartedMain] INFO  o.s.c.s.PostProcessorRegistrationDelegate$BeanPostProcessorChecker - Bean 'r_PMapper' of type [tk.mybatis.spring.mapper.MapperFactoryBean] is not eligible for getting processed by all BeanPostProcessors (for example: not eligible for auto-proxying)
2019-01-06 16:08:08.932 [restartedMain] INFO  o.s.c.s.PostProcessorRegistrationDelegate$BeanPostProcessorChecker - Bean 'r_PMapper' of type [com.sun.proxy.$Proxy80] is not eligible for getting processed by all BeanPostProcessors (for example: not eligible for auto-proxying)
2019-01-06 16:08:09.054 [restartedMain] INFO  o.s.c.s.PostProcessorRegistrationDelegate$BeanPostProcessorChecker - Bean 'permissionMapper' of type [tk.mybatis.spring.mapper.MapperFactoryBean] is not eligible for getting processed by all BeanPostProcessors (for example: not eligible for auto-proxying)
2019-01-06 16:08:09.059 [restartedMain] INFO  o.s.c.s.PostProcessorRegistrationDelegate$BeanPostProcessorChecker - Bean 'permissionMapper' of type [com.sun.proxy.$Proxy81] is not eligible for getting processed by all BeanPostProcessors (for example: not eligible for auto-proxying)
2019-01-06 16:08:09.074 [restartedMain] INFO  o.s.c.s.PostProcessorRegistrationDelegate$BeanPostProcessorChecker - Bean 'getRealm' of type [com.baizhi.springb1.shiro.MyRealm] is not eligible for getting processed by all BeanPostProcessors (for example: not eligible for auto-proxying)
2019-01-06 16:08:09.148 [restartedMain] INFO  o.s.c.s.PostProcessorRegistrationDelegate$BeanPostProcessorChecker - Bean 'getCacheManager' of type [org.apache.shiro.cache.ehcache.EhCacheManager] is not eligible for getting processed by all BeanPostProcessors (for example: not eligible for auto-proxying)
2019-01-06 16:08:11.997 [restartedMain] INFO  org.apache.shiro.cache.ehcache.EhCacheManager - Cache with name 'com.baizhi.springb1.shiro.MyRealm.authorizationCache' does not yet exist.  Creating now.
2019-01-06 16:08:12.008 [restartedMain] INFO  org.apache.shiro.cache.ehcache.EhCacheManager - Added EhCache named [com.baizhi.springb1.shiro.MyRealm.authorizationCache]
2019-01-06 16:08:12.026 [restartedMain] INFO  o.s.c.s.PostProcessorRegistrationDelegate$BeanPostProcessorChecker - Bean 'getSecurityManager' of type [org.apache.shiro.web.mgt.DefaultWebSecurityManager] is not eligible for getting processed by all BeanPostProcessors (for example: not eligible for auto-proxying)
2019-01-06 16:08:13.656 [restartedMain] INFO  o.s.b.c.e.tomcat.TomcatEmbeddedServletContainer - Tomcat initialized with port(s): 8089 (http)
2019-01-06 16:08:13.738 [restartedMain] INFO  org.apache.catalina.core.StandardService - Starting service [Tomcat]
2019-01-06 16:08:13.740 [restartedMain] INFO  org.apache.catalina.core.StandardEngine - Starting Servlet Engine: Apache Tomcat/8.5.23
2019-01-06 16:08:14.820 [localhost-startStop-1] WARN  org.apache.tomcat.util.scan.StandardJarScanner - Failed to scan [file:/D:/mavenRepo/LocalRepository/com/sun/xml/bind/jaxb-impl/2.1/jaxb-api.jar] from classloader hierarchy
java.io.FileNotFoundException: D:\mavenRepo\LocalRepository\com\sun\xml\bind\jaxb-impl\2.1\jaxb-api.jar (系统找不到指定的文件。)
	at java.util.zip.ZipFile.open(Native Method)
	at java.util.zip.ZipFile.<init>(ZipFile.java:225)
	at java.util.zip.ZipFile.<init>(ZipFile.java:155)
	at java.util.jar.JarFile.<init>(JarFile.java:166)
	at java.util.jar.JarFile.<init>(JarFile.java:130)
	at org.apache.tomcat.util.scan.JarFileUrlJar.<init>(JarFileUrlJar.java:60)
	at org.apache.tomcat.util.scan.JarFactory.newInstance(JarFactory.java:49)
	at org.apache.tomcat.util.scan.StandardJarScanner.process(StandardJarScanner.java:338)
	at org.apache.tomcat.util.scan.StandardJarScanner.scan(StandardJarScanner.java:288)
	at org.apache.jasper.servlet.TldScanner.scanJars(TldScanner.java:262)
	at org.apache.jasper.servlet.TldScanner.scan(TldScanner.java:104)
	at org.apache.jasper.servlet.JasperInitializer.onStartup(JasperInitializer.java:101)
	at org.apache.catalina.core.StandardContext.startInternal(StandardContext.java:5196)
	at org.apache.catalina.util.LifecycleBase.start(LifecycleBase.java:150)
	at org.apache.catalina.core.ContainerBase$StartChild.call(ContainerBase.java:1419)
	at org.apache.catalina.core.ContainerBase$StartChild.call(ContainerBase.java:1409)
	at java.util.concurrent.FutureTask.run(FutureTask.java:266)
	at java.util.concurrent.ThreadPoolExecutor.runWorker(ThreadPoolExecutor.java:1149)
	at java.util.concurrent.ThreadPoolExecutor$Worker.run(ThreadPoolExecutor.java:624)
	at java.lang.Thread.run(Thread.java:748)
2019-01-06 16:08:14.823 [localhost-startStop-1] WARN  org.apache.tomcat.util.scan.StandardJarScanner - Failed to scan [file:/D:/mavenRepo/LocalRepository/com/sun/xml/bind/jaxb-impl/2.1/activation.jar] from classloader hierarchy
java.io.FileNotFoundException: D:\mavenRepo\LocalRepository\com\sun\xml\bind\jaxb-impl\2.1\activation.jar (系统找不到指定的文件。)
	at java.util.zip.ZipFile.open(Native Method)
	at java.util.zip.ZipFile.<init>(ZipFile.java:225)
	at java.util.zip.ZipFile.<init>(ZipFile.java:155)
	at java.util.jar.JarFile.<init>(JarFile.java:166)
	at java.util.jar.JarFile.<init>(JarFile.java:130)
	at org.apache.tomcat.util.scan.JarFileUrlJar.<init>(JarFileUrlJar.java:60)
	at org.apache.tomcat.util.scan.JarFactory.newInstance(JarFactory.java:49)
	at org.apache.tomcat.util.scan.StandardJarScanner.process(StandardJarScanner.java:338)
	at org.apache.tomcat.util.scan.StandardJarScanner.scan(StandardJarScanner.java:288)
	at org.apache.jasper.servlet.TldScanner.scanJars(TldScanner.java:262)
	at org.apache.jasper.servlet.TldScanner.scan(TldScanner.java:104)
	at org.apache.jasper.servlet.JasperInitializer.onStartup(JasperInitializer.java:101)
	at org.apache.catalina.core.StandardContext.startInternal(StandardContext.java:5196)
	at org.apache.catalina.util.LifecycleBase.start(LifecycleBase.java:150)
	at org.apache.catalina.core.ContainerBase$StartChild.call(ContainerBase.java:1419)
	at org.apache.catalina.core.ContainerBase$StartChild.call(ContainerBase.java:1409)
	at java.util.concurrent.FutureTask.run(FutureTask.java:266)
	at java.util.concurrent.ThreadPoolExecutor.runWorker(ThreadPoolExecutor.java:1149)
	at java.util.concurrent.ThreadPoolExecutor$Worker.run(ThreadPoolExecutor.java:624)
	at java.lang.Thread.run(Thread.java:748)
2019-01-06 16:08:14.826 [localhost-startStop-1] WARN  org.apache.tomcat.util.scan.StandardJarScanner - Failed to scan [file:/D:/mavenRepo/LocalRepository/com/sun/xml/bind/jaxb-impl/2.1/jsr173_1.0_api.jar] from classloader hierarchy
java.io.FileNotFoundException: D:\mavenRepo\LocalRepository\com\sun\xml\bind\jaxb-impl\2.1\jsr173_1.0_api.jar (系统找不到指定的文件。)
	at java.util.zip.ZipFile.open(Native Method)
	at java.util.zip.ZipFile.<init>(ZipFile.java:225)
	at java.util.zip.ZipFile.<init>(ZipFile.java:155)
	at java.util.jar.JarFile.<init>(JarFile.java:166)
	at java.util.jar.JarFile.<init>(JarFile.java:130)
	at org.apache.tomcat.util.scan.JarFileUrlJar.<init>(JarFileUrlJar.java:60)
	at org.apache.tomcat.util.scan.JarFactory.newInstance(JarFactory.java:49)
	at org.apache.tomcat.util.scan.StandardJarScanner.process(StandardJarScanner.java:338)
	at org.apache.tomcat.util.scan.StandardJarScanner.scan(StandardJarScanner.java:288)
	at org.apache.jasper.servlet.TldScanner.scanJars(TldScanner.java:262)
	at org.apache.jasper.servlet.TldScanner.scan(TldScanner.java:104)
	at org.apache.jasper.servlet.JasperInitializer.onStartup(JasperInitializer.java:101)
	at org.apache.catalina.core.StandardContext.startInternal(StandardContext.java:5196)
	at org.apache.catalina.util.LifecycleBase.start(LifecycleBase.java:150)
	at org.apache.catalina.core.ContainerBase$StartChild.call(ContainerBase.java:1419)
	at org.apache.catalina.core.ContainerBase$StartChild.call(ContainerBase.java:1409)
	at java.util.concurrent.FutureTask.run(FutureTask.java:266)
	at java.util.concurrent.ThreadPoolExecutor.runWorker(ThreadPoolExecutor.java:1149)
	at java.util.concurrent.ThreadPoolExecutor$Worker.run(ThreadPoolExecutor.java:624)
	at java.lang.Thread.run(Thread.java:748)
2019-01-06 16:08:14.830 [localhost-startStop-1] WARN  org.apache.tomcat.util.scan.StandardJarScanner - Failed to scan [file:/D:/mavenRepo/LocalRepository/com/sun/xml/bind/jaxb-impl/2.1/jaxb1-impl.jar] from classloader hierarchy
java.io.FileNotFoundException: D:\mavenRepo\LocalRepository\com\sun\xml\bind\jaxb-impl\2.1\jaxb1-impl.jar (系统找不到指定的文件。)
	at java.util.zip.ZipFile.open(Native Method)
	at java.util.zip.ZipFile.<init>(ZipFile.java:225)
	at java.util.zip.ZipFile.<init>(ZipFile.java:155)
	at java.util.jar.JarFile.<init>(JarFile.java:166)
	at java.util.jar.JarFile.<init>(JarFile.java:130)
	at org.apache.tomcat.util.scan.JarFileUrlJar.<init>(JarFileUrlJar.java:60)
	at org.apache.tomcat.util.scan.JarFactory.newInstance(JarFactory.java:49)
	at org.apache.tomcat.util.scan.StandardJarScanner.process(StandardJarScanner.java:338)
	at org.apache.tomcat.util.scan.StandardJarScanner.scan(StandardJarScanner.java:288)
	at org.apache.jasper.servlet.TldScanner.scanJars(TldScanner.java:262)
	at org.apache.jasper.servlet.TldScanner.scan(TldScanner.java:104)
	at org.apache.jasper.servlet.JasperInitializer.onStartup(JasperInitializer.java:101)
	at org.apache.catalina.core.StandardContext.startInternal(StandardContext.java:5196)
	at org.apache.catalina.util.LifecycleBase.start(LifecycleBase.java:150)
	at org.apache.catalina.core.ContainerBase$StartChild.call(ContainerBase.java:1419)
	at org.apache.catalina.core.ContainerBase$StartChild.call(ContainerBase.java:1409)
	at java.util.concurrent.FutureTask.run(FutureTask.java:266)
	at java.util.concurrent.ThreadPoolExecutor.runWorker(ThreadPoolExecutor.java:1149)
	at java.util.concurrent.ThreadPoolExecutor$Worker.run(ThreadPoolExecutor.java:624)
	at java.lang.Thread.run(Thread.java:748)
2019-01-06 16:08:14.869 [localhost-startStop-1] INFO  org.apache.jasper.servlet.TldScanner - At least one JAR was scanned for TLDs yet contained no TLDs. Enable debug logging for this logger for a complete list of JARs that were scanned but no TLDs were found in them. Skipping unneeded JARs during scanning can improve startup time and JSP compilation time.
2019-01-06 16:08:14.897 [localhost-startStop-1] INFO  o.a.c.c.C.[Tomcat].[localhost].[/springb-1] - Initializing Spring embedded WebApplicationContext
2019-01-06 16:08:14.898 [localhost-startStop-1] INFO  org.springframework.web.context.ContextLoader - Root WebApplicationContext: initialization completed in 15496 ms
2019-01-06 16:08:15.720 [localhost-startStop-1] INFO  o.s.boot.web.servlet.ServletRegistrationBean - Mapping servlet: 'dispatcherServlet' to [/]
2019-01-06 16:08:15.731 [localhost-startStop-1] INFO  o.s.boot.web.servlet.FilterRegistrationBean - Mapping filter: 'characterEncodingFilter' to: [/*]
2019-01-06 16:08:15.732 [localhost-startStop-1] INFO  o.s.boot.web.servlet.FilterRegistrationBean - Mapping filter: 'hiddenHttpMethodFilter' to: [/*]
2019-01-06 16:08:15.733 [localhost-startStop-1] INFO  o.s.boot.web.servlet.FilterRegistrationBean - Mapping filter: 'httpPutFormContentFilter' to: [/*]
2019-01-06 16:08:15.734 [localhost-startStop-1] INFO  o.s.boot.web.servlet.FilterRegistrationBean - Mapping filter: 'requestContextFilter' to: [/*]
2019-01-06 16:08:15.734 [localhost-startStop-1] INFO  o.s.boot.web.servlet.FilterRegistrationBean - Mapping filter: 'getShiroFilterFactoryBean' to: [/*]
2019-01-06 16:08:17.217 [restartedMain] WARN  o.s.b.c.p.ConfigurationPropertiesBindingPostProcessor - The @ConfigurationProperties bean class com.github.tobato.fastdfs.domain.conn.TrackerConnectionManager contains validation constraints but had not been annotated with @Validated.
2019-01-06 16:08:17.218 [restartedMain] WARN  o.s.b.c.p.ConfigurationPropertiesBindingPostProcessor - The @ConfigurationProperties bean class com.github.tobato.fastdfs.domain.conn.TrackerConnectionManager contains validation constraints but had not been annotated with @Validated.
2019-01-06 16:08:17.219 [restartedMain] WARN  o.s.b.c.p.ConfigurationPropertiesBindingPostProcessor - The @ConfigurationProperties bean class com.github.tobato.fastdfs.domain.conn.TrackerConnectionManager contains validation constraints but had not been annotated with @Validated.
2019-01-06 16:08:19.376 [restartedMain] INFO  o.s.w.s.m.m.a.RequestMappingHandlerAdapter - Looking for @ControllerAdvice: org.springframework.boot.context.embedded.AnnotationConfigEmbeddedWebApplicationContext@5f0e1114: startup date [Sun Jan 06 16:07:59 CST 2019]; root of context hierarchy
2019-01-06 16:08:19.618 [restartedMain] INFO  o.s.w.s.m.m.a.RequestMappingHandlerMapping - Mapped "{[/admin/test]}" onto public java.lang.String com.baizhi.springb1.controller.AdminController.test()
2019-01-06 16:08:19.621 [restartedMain] INFO  o.s.w.s.m.m.a.RequestMappingHandlerMapping - Mapped "{[/admin/test1]}" onto public java.lang.String com.baizhi.springb1.controller.AdminController.test1(java.util.Date)
2019-01-06 16:08:19.623 [restartedMain] INFO  o.s.w.s.m.m.a.RequestMappingHandlerMapping - Mapped "{[/admin/logout]}" onto public java.lang.String com.baizhi.springb1.controller.AdminController.logout()
2019-01-06 16:08:19.623 [restartedMain] INFO  o.s.w.s.m.m.a.RequestMappingHandlerMapping - Mapped "{[/admin/image]}" onto public void com.baizhi.springb1.controller.AdminController.image(javax.servlet.http.HttpServletResponse,javax.servlet.http.HttpSession) throws java.io.IOException
2019-01-06 16:08:19.624 [restartedMain] INFO  o.s.w.s.m.m.a.RequestMappingHandlerMapping - Mapped "{[/admin/login]}" onto public void com.baizhi.springb1.controller.AdminController.login(java.lang.String,java.lang.String,java.lang.String,javax.servlet.http.HttpSession)
2019-01-06 16:08:19.631 [restartedMain] INFO  o.s.w.s.m.m.a.RequestMappingHandlerMapping - Mapped "{[/album/add],methods=[POST]}" onto public java.lang.String com.baizhi.springb1.controller.AlbumController.add(com.baizhi.springb1.entity.Album,org.springframework.web.multipart.MultipartFile) throws java.io.IOException
2019-01-06 16:08:19.632 [restartedMain] INFO  o.s.w.s.m.m.a.RequestMappingHandlerMapping - Mapped "{[/album/showAll]}" onto public com.baizhi.springb1.entity.DtoAlbum com.baizhi.springb1.controller.AlbumController.showAll(int,int)
2019-01-06 16:08:19.632 [restartedMain] INFO  o.s.w.s.m.m.a.RequestMappingHandlerMapping - Mapped "{[/album/showOne]}" onto public com.baizhi.springb1.entity.DtoAlbum com.baizhi.springb1.controller.AlbumController.showOne(java.lang.Integer)
2019-01-06 16:08:19.633 [restartedMain] INFO  o.s.w.s.m.m.a.RequestMappingHandlerMapping - Mapped "{[/album/exportAllAlbum]}" onto public void com.baizhi.springb1.controller.AlbumController.exportAllAlbum(javax.servlet.http.HttpServletResponse)
2019-01-06 16:08:19.635 [restartedMain] INFO  o.s.w.s.m.m.a.RequestMappingHandlerMapping - Mapped "{[/banner/add],methods=[POST]}" onto public java.lang.String com.baizhi.springb1.controller.BannerController.add(com.baizhi.springb1.entity.Banner,org.springframework.web.multipart.MultipartFile,javax.servlet.http.HttpServletRequest) throws java.io.IOException
2019-01-06 16:08:19.639 [restartedMain] INFO  o.s.w.s.m.m.a.RequestMappingHandlerMapping - Mapped "{[/banner/update]}" onto public void com.baizhi.springb1.controller.BannerController.update(java.lang.Integer,java.lang.Integer)
2019-01-06 16:08:19.640 [restartedMain] INFO  o.s.w.s.m.m.a.RequestMappingHandlerMapping - Mapped "{[/banner/delete]}" onto public void com.baizhi.springb1.controller.BannerController.delete(java.lang.Integer)
2019-01-06 16:08:19.640 [restartedMain] INFO  o.s.w.s.m.m.a.RequestMappingHandlerMapping - Mapped "{[/banner/showAll]}" onto public com.baizhi.springb1.entity.DtoBanner com.baizhi.springb1.controller.BannerController.showAll(int,int)
2019-01-06 16:08:19.642 [restartedMain] INFO  o.s.w.s.m.m.a.RequestMappingHandlerMapping - Mapped "{[/chapter/add]}" onto public java.lang.String com.baizhi.springb1.controller.ChapterController.add(com.baizhi.springb1.entity.Chapter,org.springframework.web.multipart.MultipartFile) throws java.io.IOException
2019-01-06 16:08:19.643 [restartedMain] INFO  o.s.w.s.m.m.a.RequestMappingHandlerMapping - Mapped "{[/chapter/download]}" onto public void com.baizhi.springb1.controller.ChapterController.download(java.lang.String,java.lang.String,javax.servlet.http.HttpServletResponse) throws java.io.IOException
2019-01-06 16:08:19.653 [restartedMain] INFO  o.s.w.s.m.m.a.RequestMappingHandlerMapping - Mapped "{[/cmfz/account/register/{phone}/{password}]}" onto public com.baizhi.springb1.entity.User com.baizhi.springb1.controller.CMFZController.register(java.lang.String,java.lang.String)
2019-01-06 16:08:19.653 [restartedMain] INFO  o.s.w.s.m.m.a.RequestMappingHandlerMapping - Mapped "{[/cmfz/identify/check/{phone}/{code}]}" onto public java.lang.Object com.baizhi.springb1.controller.CMFZController.check(java.lang.String,java.lang.String)
2019-01-06 16:08:19.654 [restartedMain] INFO  o.s.w.s.m.m.a.RequestMappingHandlerMapping - Mapped "{[/cmfz/first_page/{uid}/{type}/{subType}]}" onto public java.lang.Object com.baizhi.springb1.controller.CMFZController.firstPage(java.lang.Integer,java.lang.String,java.lang.String)
2019-01-06 16:08:19.654 [restartedMain] INFO  o.s.w.s.m.m.a.RequestMappingHandlerMapping - Mapped "{[/cmfz/detail]}" onto public com.baizhi.springb1.entity.Article com.baizhi.springb1.controller.CMFZController.findOneArticle(java.lang.Integer,java.lang.Integer)
2019-01-06 16:08:19.655 [restartedMain] INFO  o.s.w.s.m.m.a.RequestMappingHandlerMapping - Mapped "{[/cmfz/detail/wen]}" onto public com.baizhi.springb1.entity.Album com.baizhi.springb1.controller.CMFZController.findOneAlbum(java.lang.Integer,java.lang.Integer)
2019-01-06 16:08:19.655 [restartedMain] INFO  o.s.w.s.m.m.a.RequestMappingHandlerMapping - Mapped "{[/cmfz/account/modify]}" onto public com.baizhi.springb1.entity.User com.baizhi.springb1.controller.CMFZController.modify(com.baizhi.springb1.entity.User)
2019-01-06 16:08:19.656 [restartedMain] INFO  o.s.w.s.m.m.a.RequestMappingHandlerMapping - Mapped "{[/cmfz/identify/obtain]}" onto public void com.baizhi.springb1.controller.CMFZController.obtain(java.lang.String) throws java.lang.Exception
2019-01-06 16:08:19.657 [restartedMain] INFO  o.s.w.s.m.m.a.RequestMappingHandlerMapping - Mapped "{[/cmfz/account/login/{phone}/{password}/code]}" onto public com.baizhi.springb1.entity.User com.baizhi.springb1.controller.CMFZController.login(java.lang.String,java.lang.String,java.lang.String,javax.servlet.http.HttpSession)
2019-01-06 16:08:19.660 [restartedMain] INFO  o.s.w.s.m.m.a.RequestMappingHandlerMapping - Mapped "{[/menu/showAllZi/{id}]}" onto public java.util.List<com.baizhi.springb1.entity.Menu> com.baizhi.springb1.controller.MenuController.showAllZi(java.lang.Integer)
2019-01-06 16:08:19.660 [restartedMain] INFO  o.s.w.s.m.m.a.RequestMappingHandlerMapping - Mapped "{[/menu/showAllFu]}" onto public java.util.List<com.baizhi.springb1.entity.Menu> com.baizhi.springb1.controller.MenuController.showAllFu()
2019-01-06 16:08:19.664 [restartedMain] INFO  o.s.w.s.m.m.a.RequestMappingHandlerMapping - Mapped "{[/user/updateUser]}" onto public void com.baizhi.springb1.controller.UserController.update(com.baizhi.springb1.entity.User)
2019-01-06 16:08:19.664 [restartedMain] INFO  o.s.w.s.m.m.a.RequestMappingHandlerMapping - Mapped "{[/user/findUserByGroup]}" onto public java.util.Map<java.lang.String, java.util.List<com.baizhi.springb1.entity.Province>> com.baizhi.springb1.controller.UserController.findUserByGroup()
2019-01-06 16:08:19.665 [restartedMain] INFO  o.s.w.s.m.m.a.RequestMappingHandlerMapping - Mapped "{[/user/findByRegDate/{week}]}" onto public java.util.Map<java.lang.String, java.lang.Object> com.baizhi.springb1.controller.UserController.findByRegDate(java.lang.Integer)
2019-01-06 16:08:19.666 [restartedMain] INFO  o.s.w.s.m.m.a.RequestMappingHandlerMapping - Mapped "{[/user/byPage]}" onto public com.baizhi.springb1.entity.DtoUser com.baizhi.springb1.controller.UserController.findUserByPage(int,int)
2019-01-06 16:08:19.666 [restartedMain] INFO  o.s.w.s.m.m.a.RequestMappingHandlerMapping - Mapped "{[/user/importUsers]}" onto public void com.baizhi.springb1.controller.UserController.importUsers(org.springframework.web.multipart.MultipartFile)
2019-01-06 16:08:19.666 [restartedMain] INFO  o.s.w.s.m.m.a.RequestMappingHandlerMapping - Mapped "{[/user/exportAllUser]}" onto public void com.baizhi.springb1.controller.UserController.exportAllUser(javax.servlet.http.HttpServletResponse)
2019-01-06 16:08:19.671 [restartedMain] INFO  o.s.w.s.m.m.a.RequestMappingHandlerMapping - Mapped "{[/error]}" onto public org.springframework.http.ResponseEntity<java.util.Map<java.lang.String, java.lang.Object>> org.springframework.boot.autoconfigure.web.BasicErrorController.error(javax.servlet.http.HttpServletRequest)
2019-01-06 16:08:19.672 [restartedMain] INFO  o.s.w.s.m.m.a.RequestMappingHandlerMapping - Mapped "{[/error],produces=[text/html]}" onto public org.springframework.web.servlet.ModelAndView org.springframework.boot.autoconfigure.web.BasicErrorController.errorHtml(javax.servlet.http.HttpServletRequest,javax.servlet.http.HttpServletResponse)
2019-01-06 16:08:19.754 [restartedMain] INFO  o.s.web.servlet.handler.SimpleUrlHandlerMapping - Mapped URL path [/webjars/**] onto handler of type [class org.springframework.web.servlet.resource.ResourceHttpRequestHandler]
2019-01-06 16:08:19.754 [restartedMain] INFO  o.s.web.servlet.handler.SimpleUrlHandlerMapping - Mapped URL path [/**] onto handler of type [class org.springframework.web.servlet.resource.ResourceHttpRequestHandler]
2019-01-06 16:08:19.781 [restartedMain] INFO  o.s.w.s.m.m.a.ExceptionHandlerExceptionResolver - Detected @ExceptionHandler methods in globleException
2019-01-06 16:08:19.946 [restartedMain] INFO  o.s.web.servlet.handler.SimpleUrlHandlerMapping - Mapped URL path [/**/favicon.ico] onto handler of type [class org.springframework.web.servlet.resource.ResourceHttpRequestHandler]
2019-01-06 16:08:20.218 [restartedMain] INFO  t.mybatis.mapper.autoconfigure.MapperCacheDisabler - Clear tk.mybatis.mapper.util.MsUtil CLASS_CACHE cache.
2019-01-06 16:08:20.219 [restartedMain] INFO  t.mybatis.mapper.autoconfigure.MapperCacheDisabler - Clear tk.mybatis.mapper.genid.GenIdUtil CACHE cache.
2019-01-06 16:08:20.220 [restartedMain] INFO  t.mybatis.mapper.autoconfigure.MapperCacheDisabler - Clear tk.mybatis.mapper.version.VersionUtil CACHE cache.
2019-01-06 16:08:20.221 [restartedMain] INFO  t.mybatis.mapper.autoconfigure.MapperCacheDisabler - Clear EntityHelper entityTableMap cache.
2019-01-06 16:08:22.014 [restartedMain] INFO  o.s.b.d.autoconfigure.OptionalLiveReloadServer - LiveReload server is running on port 35729
2019-01-06 16:08:22.238 [restartedMain] INFO  o.s.jmx.export.annotation.AnnotationMBeanExporter - Registering beans for JMX exposure on startup
2019-01-06 16:08:22.240 [restartedMain] INFO  o.s.jmx.export.annotation.AnnotationMBeanExporter - Bean with name 'fdfsConnectionPool' has been autodetected for JMX exposure
2019-01-06 16:08:22.245 [restartedMain] INFO  o.s.jmx.export.annotation.AnnotationMBeanExporter - Bean with name 'dataSource' has been autodetected for JMX exposure
2019-01-06 16:08:22.259 [restartedMain] INFO  o.s.jmx.export.annotation.AnnotationMBeanExporter - Located MBean 'fdfsConnectionPool': registering with JMX server as MBean [com.github.tobato.fastdfs.domain.conn:name=fdfsConnectionPool,type=FdfsConnectionPool]
2019-01-06 16:08:22.261 [restartedMain] INFO  o.s.jmx.export.annotation.AnnotationMBeanExporter - Located MBean 'dataSource': registering with JMX server as MBean [com.alibaba.druid.pool:name=dataSource,type=DruidDataSource]
2019-01-06 16:08:22.346 [restartedMain] INFO  org.apache.coyote.http11.Http11NioProtocol - Initializing ProtocolHandler ["http-nio-8089"]
2019-01-06 16:08:22.388 [restartedMain] INFO  org.apache.coyote.http11.Http11NioProtocol - Starting ProtocolHandler ["http-nio-8089"]
2019-01-06 16:08:22.409 [restartedMain] INFO  org.apache.tomcat.util.net.NioSelectorPool - Using a shared selector for servlet write/read
2019-01-06 16:08:22.588 [restartedMain] INFO  o.s.b.c.e.tomcat.TomcatEmbeddedServletContainer - Tomcat started on port(s): 8089 (http)
2019-01-06 16:08:22.617 [restartedMain] INFO  com.baizhi.springb1.Springb1Application - Started Springb1Application in 24.604 seconds (JVM running for 26.999)
2019-01-06 16:09:21.397 [http-nio-8089-exec-4] INFO  o.a.c.c.C.[Tomcat].[localhost].[/springb-1] - Initializing Spring FrameworkServlet 'dispatcherServlet'
2019-01-06 16:09:21.398 [http-nio-8089-exec-4] INFO  org.springframework.web.servlet.DispatcherServlet - FrameworkServlet 'dispatcherServlet': initialization started
2019-01-06 16:09:21.584 [http-nio-8089-exec-4] INFO  org.springframework.web.servlet.DispatcherServlet - FrameworkServlet 'dispatcherServlet': initialization completed in 185 ms
2019-01-06 16:10:03.962 [http-nio-8089-exec-1] INFO  com.alibaba.druid.pool.DruidDataSource - {dataSource-1} inited
