2018-12-25 09:03:02.603 [restartedMain] INFO  com.baizhi.springb1.Springb1Application - Starting Springb1Application on MyPC with PID 14604 (D:\ideaworkspace\springb\springb-1\target\classes started by HENGEN in D:\ideaworkspace\springb\springb-1)
2018-12-25 09:03:02.608 [restartedMain] INFO  com.baizhi.springb1.Springb1Application - No active profile set, falling back to default profiles: default
2018-12-25 09:03:02.790 [restartedMain] INFO  o.s.b.c.e.AnnotationConfigEmbeddedWebApplicationContext - Refreshing org.springframework.boot.context.embedded.AnnotationConfigEmbeddedWebApplicationContext@5756d319: startup date [Tue Dec 25 09:03:02 CST 2018]; root of context hierarchy
2018-12-25 09:03:03.391 [background-preinit] INFO  org.hibernate.validator.internal.util.Version - HV000001: Hibernate Validator 5.3.5.Final
2018-12-25 09:03:05.164 [restartedMain] WARN  tk.mybatis.spring.mapper.ClassPathMapperScanner - No MyBatis mapper was found in '[com.baizhi.springb1]' package. Please check your configuration.
2018-12-25 09:03:07.259 [restartedMain] INFO  o.s.b.c.e.tomcat.TomcatEmbeddedServletContainer - Tomcat initialized with port(s): 8089 (http)
2018-12-25 09:03:07.288 [restartedMain] INFO  org.apache.catalina.core.StandardService - Starting service [Tomcat]
2018-12-25 09:03:07.291 [restartedMain] INFO  org.apache.catalina.core.StandardEngine - Starting Servlet Engine: Apache Tomcat/8.5.23
2018-12-25 09:03:07.800 [localhost-startStop-1] INFO  org.apache.jasper.servlet.TldScanner - At least one JAR was scanned for TLDs yet contained no TLDs. Enable debug logging for this logger for a complete list of JARs that were scanned but no TLDs were found in them. Skipping unneeded JARs during scanning can improve startup time and JSP compilation time.
2018-12-25 09:03:07.813 [localhost-startStop-1] INFO  o.a.c.c.C.[Tomcat].[localhost].[/springb-1] - Initializing Spring embedded WebApplicationContext
2018-12-25 09:03:07.814 [localhost-startStop-1] INFO  org.springframework.web.context.ContextLoader - Root WebApplicationContext: initialization completed in 5024 ms
2018-12-25 09:03:08.186 [localhost-startStop-1] INFO  o.s.boot.web.servlet.ServletRegistrationBean - Mapping servlet: 'dispatcherServlet' to [/]
2018-12-25 09:03:08.194 [localhost-startStop-1] INFO  o.s.boot.web.servlet.FilterRegistrationBean - Mapping filter: 'characterEncodingFilter' to: [/*]
2018-12-25 09:03:08.195 [localhost-startStop-1] INFO  o.s.boot.web.servlet.FilterRegistrationBean - Mapping filter: 'hiddenHttpMethodFilter' to: [/*]
2018-12-25 09:03:08.195 [localhost-startStop-1] INFO  o.s.boot.web.servlet.FilterRegistrationBean - Mapping filter: 'httpPutFormContentFilter' to: [/*]
2018-12-25 09:03:08.195 [localhost-startStop-1] INFO  o.s.boot.web.servlet.FilterRegistrationBean - Mapping filter: 'requestContextFilter' to: [/*]
2018-12-25 09:03:10.170 [restartedMain] INFO  o.s.w.s.m.m.a.RequestMappingHandlerAdapter - Looking for @ControllerAdvice: org.springframework.boot.context.embedded.AnnotationConfigEmbeddedWebApplicationContext@5756d319: startup date [Tue Dec 25 09:03:02 CST 2018]; root of context hierarchy
2018-12-25 09:03:10.340 [restartedMain] INFO  o.s.w.s.m.m.a.RequestMappingHandlerMapping - Mapped "{[/admin/test]}" onto public java.lang.String com.baizhi.springb1.controller.AdminController.test()
2018-12-25 09:03:10.343 [restartedMain] INFO  o.s.w.s.m.m.a.RequestMappingHandlerMapping - Mapped "{[/admin/test1]}" onto public java.lang.String com.baizhi.springb1.controller.AdminController.test1(java.util.Date)
2018-12-25 09:03:10.343 [restartedMain] INFO  o.s.w.s.m.m.a.RequestMappingHandlerMapping - Mapped "{[/admin/login]}" onto public com.baizhi.springb1.entity.Admin com.baizhi.springb1.controller.AdminController.login(java.lang.String,java.lang.String,java.lang.String,javax.servlet.http.HttpSession)
2018-12-25 09:03:10.344 [restartedMain] INFO  o.s.w.s.m.m.a.RequestMappingHandlerMapping - Mapped "{[/admin/image]}" onto public void com.baizhi.springb1.controller.AdminController.image(javax.servlet.http.HttpServletResponse,javax.servlet.http.HttpSession) throws java.io.IOException
2018-12-25 09:03:10.348 [restartedMain] INFO  o.s.w.s.m.m.a.RequestMappingHandlerMapping - Mapped "{[/album/add],methods=[POST]}" onto public void com.baizhi.springb1.controller.AlbumController.add(com.baizhi.springb1.entity.Album,org.springframework.web.multipart.MultipartFile) throws java.io.IOException
2018-12-25 09:03:10.349 [restartedMain] INFO  o.s.w.s.m.m.a.RequestMappingHandlerMapping - Mapped "{[/album/showAll]}" onto public com.baizhi.springb1.entity.DtoAlbum com.baizhi.springb1.controller.AlbumController.showAll(int,int)
2018-12-25 09:03:10.350 [restartedMain] INFO  o.s.w.s.m.m.a.RequestMappingHandlerMapping - Mapped "{[/album/showOne]}" onto public com.baizhi.springb1.entity.DtoAlbum com.baizhi.springb1.controller.AlbumController.showOne(java.lang.Integer)
2018-12-25 09:03:10.351 [restartedMain] INFO  o.s.w.s.m.m.a.RequestMappingHandlerMapping - Mapped "{[/album/exportAllAlbum]}" onto public void com.baizhi.springb1.controller.AlbumController.exportAllAlbum(javax.servlet.http.HttpServletResponse)
2018-12-25 09:03:10.354 [restartedMain] INFO  o.s.w.s.m.m.a.RequestMappingHandlerMapping - Mapped "{[/banner/add],methods=[POST]}" onto public void com.baizhi.springb1.controller.BannerController.add(com.baizhi.springb1.entity.Banner,org.springframework.web.multipart.MultipartFile,javax.servlet.http.HttpServletRequest) throws java.io.IOException
2018-12-25 09:03:10.355 [restartedMain] INFO  o.s.w.s.m.m.a.RequestMappingHandlerMapping - Mapped "{[/banner/update]}" onto public void com.baizhi.springb1.controller.BannerController.update(java.lang.Integer,java.lang.Integer)
2018-12-25 09:03:10.355 [restartedMain] INFO  o.s.w.s.m.m.a.RequestMappingHandlerMapping - Mapped "{[/banner/delete]}" onto public void com.baizhi.springb1.controller.BannerController.delete(java.lang.Integer)
2018-12-25 09:03:10.356 [restartedMain] INFO  o.s.w.s.m.m.a.RequestMappingHandlerMapping - Mapped "{[/banner/showAll]}" onto public com.baizhi.springb1.entity.DtoBanner com.baizhi.springb1.controller.BannerController.showAll(int,int)
2018-12-25 09:03:10.360 [restartedMain] INFO  o.s.w.s.m.m.a.RequestMappingHandlerMapping - Mapped "{[/chapter/add]}" onto public void com.baizhi.springb1.controller.ChapterController.add(com.baizhi.springb1.entity.Chapter,org.springframework.web.multipart.MultipartFile)
2018-12-25 09:03:10.361 [restartedMain] INFO  o.s.w.s.m.m.a.RequestMappingHandlerMapping - Mapped "{[/chapter/download]}" onto public void com.baizhi.springb1.controller.ChapterController.download(java.lang.String,javax.servlet.http.HttpServletResponse,javax.servlet.http.HttpSession,javax.servlet.http.HttpServletRequest) throws java.io.IOException
2018-12-25 09:03:10.367 [restartedMain] INFO  o.s.w.s.m.m.a.RequestMappingHandlerMapping - Mapped "{[/menu/showAllZi/{id}]}" onto public java.util.List<com.baizhi.springb1.entity.Menu> com.baizhi.springb1.controller.MenuController.showAllZi(java.lang.Integer)
2018-12-25 09:03:10.368 [restartedMain] INFO  o.s.w.s.m.m.a.RequestMappingHandlerMapping - Mapped "{[/menu/showAllFu]}" onto public java.util.List<com.baizhi.springb1.entity.Menu> com.baizhi.springb1.controller.MenuController.showAllFu()
2018-12-25 09:03:10.373 [restartedMain] INFO  o.s.w.s.m.m.a.RequestMappingHandlerMapping - Mapped "{[/error]}" onto public org.springframework.http.ResponseEntity<java.util.Map<java.lang.String, java.lang.Object>> org.springframework.boot.autoconfigure.web.BasicErrorController.error(javax.servlet.http.HttpServletRequest)
2018-12-25 09:03:10.374 [restartedMain] INFO  o.s.w.s.m.m.a.RequestMappingHandlerMapping - Mapped "{[/error],produces=[text/html]}" onto public org.springframework.web.servlet.ModelAndView org.springframework.boot.autoconfigure.web.BasicErrorController.errorHtml(javax.servlet.http.HttpServletRequest,javax.servlet.http.HttpServletResponse)
2018-12-25 09:03:10.513 [restartedMain] INFO  o.s.web.servlet.handler.SimpleUrlHandlerMapping - Mapped URL path [/webjars/**] onto handler of type [class org.springframework.web.servlet.resource.ResourceHttpRequestHandler]
2018-12-25 09:03:10.524 [restartedMain] INFO  o.s.web.servlet.handler.SimpleUrlHandlerMapping - Mapped URL path [/**] onto handler of type [class org.springframework.web.servlet.resource.ResourceHttpRequestHandler]
2018-12-25 09:03:10.572 [restartedMain] INFO  o.s.w.s.m.m.a.ExceptionHandlerExceptionResolver - Detected @ExceptionHandler methods in globleException
2018-12-25 09:03:10.664 [restartedMain] INFO  o.s.web.servlet.handler.SimpleUrlHandlerMapping - Mapped URL path [/**/favicon.ico] onto handler of type [class org.springframework.web.servlet.resource.ResourceHttpRequestHandler]
2018-12-25 09:03:11.478 [restartedMain] INFO  o.s.b.d.autoconfigure.OptionalLiveReloadServer - LiveReload server is running on port 35729
2018-12-25 09:03:11.494 [restartedMain] INFO  t.mybatis.mapper.autoconfigure.MapperCacheDisabler - Clear tk.mybatis.mapper.util.MsUtil CLASS_CACHE cache.
2018-12-25 09:03:11.495 [restartedMain] INFO  t.mybatis.mapper.autoconfigure.MapperCacheDisabler - Clear tk.mybatis.mapper.genid.GenIdUtil CACHE cache.
2018-12-25 09:03:11.496 [restartedMain] INFO  t.mybatis.mapper.autoconfigure.MapperCacheDisabler - Clear tk.mybatis.mapper.version.VersionUtil CACHE cache.
2018-12-25 09:03:11.496 [restartedMain] INFO  t.mybatis.mapper.autoconfigure.MapperCacheDisabler - Clear EntityHelper entityTableMap cache.
2018-12-25 09:03:11.580 [restartedMain] INFO  o.s.jmx.export.annotation.AnnotationMBeanExporter - Registering beans for JMX exposure on startup
2018-12-25 09:03:11.582 [restartedMain] INFO  o.s.jmx.export.annotation.AnnotationMBeanExporter - Bean with name 'dataSource' has been autodetected for JMX exposure
2018-12-25 09:03:11.590 [restartedMain] INFO  o.s.jmx.export.annotation.AnnotationMBeanExporter - Located MBean 'dataSource': registering with JMX server as MBean [com.alibaba.druid.pool:name=dataSource,type=DruidDataSource]
2018-12-25 09:03:11.659 [restartedMain] INFO  org.apache.coyote.http11.Http11NioProtocol - Initializing ProtocolHandler ["http-nio-8089"]
2018-12-25 09:03:11.701 [restartedMain] INFO  org.apache.coyote.http11.Http11NioProtocol - Starting ProtocolHandler ["http-nio-8089"]
2018-12-25 09:03:11.723 [restartedMain] INFO  org.apache.tomcat.util.net.NioSelectorPool - Using a shared selector for servlet write/read
2018-12-25 09:03:11.869 [restartedMain] INFO  o.s.b.c.e.tomcat.TomcatEmbeddedServletContainer - Tomcat started on port(s): 8089 (http)
2018-12-25 09:03:11.884 [restartedMain] INFO  com.baizhi.springb1.Springb1Application - Started Springb1Application in 9.748 seconds (JVM running for 11.009)
2018-12-25 09:04:43.818 [http-nio-8089-exec-8] INFO  o.a.c.c.C.[Tomcat].[localhost].[/springb-1] - Initializing Spring FrameworkServlet 'dispatcherServlet'
2018-12-25 09:04:43.819 [http-nio-8089-exec-8] INFO  org.springframework.web.servlet.DispatcherServlet - FrameworkServlet 'dispatcherServlet': initialization started
2018-12-25 09:04:43.909 [http-nio-8089-exec-8] INFO  org.springframework.web.servlet.DispatcherServlet - FrameworkServlet 'dispatcherServlet': initialization completed in 89 ms
2018-12-25 09:04:45.928 [http-nio-8089-exec-5] INFO  com.alibaba.druid.pool.DruidDataSource - {dataSource-1} inited
2018-12-25 09:04:55.305 [http-nio-8089-exec-5] INFO  com.baizhi.springb1.service.impl.AlbumServiceImpl - 1---------------------------
2018-12-25 09:04:55.313 [http-nio-8089-exec-5] INFO  com.baizhi.springb1.service.impl.AlbumServiceImpl - 2---------------------------
2018-12-25 09:04:55.318 [http-nio-8089-exec-5] INFO  com.baizhi.springb1.service.impl.AlbumServiceImpl - 3---------------------------
2018-12-25 09:04:57.070 [http-nio-8089-exec-2] INFO  com.baizhi.springb1.controller.AlbumController - D:/ideaworkspace/springb/springb-1/src/main/webapp/img\captcha.jpg----------------
2018-12-25 09:04:57.070 [http-nio-8089-exec-2] INFO  com.baizhi.springb1.controller.AlbumController - D:/ideaworkspace/springb/springb-1/src/main/webapp/img\captcha.jpg----------------
2018-12-25 09:04:57.071 [http-nio-8089-exec-2] INFO  com.baizhi.springb1.controller.AlbumController - D:/ideaworkspace/springb/springb-1/src/main/webapp/img\captcha.jpg----------------
2018-12-25 09:04:57.071 [http-nio-8089-exec-2] INFO  com.baizhi.springb1.controller.AlbumController - D:/ideaworkspace/springb/springb-1/src/main/webapp/img\captcha.jpg----------------
2018-12-25 09:04:57.071 [http-nio-8089-exec-2] INFO  com.baizhi.springb1.controller.AlbumController - D:/ideaworkspace/springb/springb-1/src/main/webapp/img\123100955cb302034450b4b0a78f9288c365.png----------------
2018-12-25 09:06:09.551 [restartedMain] INFO  com.baizhi.springb1.Springb1Application - Starting Springb1Application on MyPC with PID 8800 (D:\ideaworkspace\springb\springb-1\target\classes started by HENGEN in D:\ideaworkspace\springb\springb-1)
2018-12-25 09:06:09.556 [restartedMain] INFO  com.baizhi.springb1.Springb1Application - No active profile set, falling back to default profiles: default
2018-12-25 09:06:09.722 [restartedMain] INFO  o.s.b.c.e.AnnotationConfigEmbeddedWebApplicationContext - Refreshing org.springframework.boot.context.embedded.AnnotationConfigEmbeddedWebApplicationContext@556df34: startup date [Tue Dec 25 09:06:09 CST 2018]; root of context hierarchy
2018-12-25 09:06:10.356 [background-preinit] INFO  org.hibernate.validator.internal.util.Version - HV000001: Hibernate Validator 5.3.5.Final
2018-12-25 09:06:12.402 [restartedMain] WARN  tk.mybatis.spring.mapper.ClassPathMapperScanner - No MyBatis mapper was found in '[com.baizhi.springb1]' package. Please check your configuration.
2018-12-25 09:06:14.331 [restartedMain] INFO  o.s.b.c.e.tomcat.TomcatEmbeddedServletContainer - Tomcat initialized with port(s): 8089 (http)
2018-12-25 09:06:14.363 [restartedMain] INFO  org.apache.catalina.core.StandardService - Starting service [Tomcat]
2018-12-25 09:06:14.365 [restartedMain] INFO  org.apache.catalina.core.StandardEngine - Starting Servlet Engine: Apache Tomcat/8.5.23
2018-12-25 09:06:15.102 [localhost-startStop-1] INFO  org.apache.jasper.servlet.TldScanner - At least one JAR was scanned for TLDs yet contained no TLDs. Enable debug logging for this logger for a complete list of JARs that were scanned but no TLDs were found in them. Skipping unneeded JARs during scanning can improve startup time and JSP compilation time.
2018-12-25 09:06:15.117 [localhost-startStop-1] INFO  o.a.c.c.C.[Tomcat].[localhost].[/springb-1] - Initializing Spring embedded WebApplicationContext
2018-12-25 09:06:15.117 [localhost-startStop-1] INFO  org.springframework.web.context.ContextLoader - Root WebApplicationContext: initialization completed in 5395 ms
2018-12-25 09:06:15.576 [localhost-startStop-1] INFO  o.s.boot.web.servlet.ServletRegistrationBean - Mapping servlet: 'dispatcherServlet' to [/]
2018-12-25 09:06:15.592 [localhost-startStop-1] INFO  o.s.boot.web.servlet.FilterRegistrationBean - Mapping filter: 'characterEncodingFilter' to: [/*]
2018-12-25 09:06:15.593 [localhost-startStop-1] INFO  o.s.boot.web.servlet.FilterRegistrationBean - Mapping filter: 'hiddenHttpMethodFilter' to: [/*]
2018-12-25 09:06:15.593 [localhost-startStop-1] INFO  o.s.boot.web.servlet.FilterRegistrationBean - Mapping filter: 'httpPutFormContentFilter' to: [/*]
2018-12-25 09:06:15.593 [localhost-startStop-1] INFO  o.s.boot.web.servlet.FilterRegistrationBean - Mapping filter: 'requestContextFilter' to: [/*]
2018-12-25 09:06:17.757 [restartedMain] INFO  o.s.w.s.m.m.a.RequestMappingHandlerAdapter - Looking for @ControllerAdvice: org.springframework.boot.context.embedded.AnnotationConfigEmbeddedWebApplicationContext@556df34: startup date [Tue Dec 25 09:06:09 CST 2018]; root of context hierarchy
2018-12-25 09:06:17.899 [restartedMain] INFO  o.s.w.s.m.m.a.RequestMappingHandlerMapping - Mapped "{[/admin/test]}" onto public java.lang.String com.baizhi.springb1.controller.AdminController.test()
2018-12-25 09:06:17.902 [restartedMain] INFO  o.s.w.s.m.m.a.RequestMappingHandlerMapping - Mapped "{[/admin/image]}" onto public void com.baizhi.springb1.controller.AdminController.image(javax.servlet.http.HttpServletResponse,javax.servlet.http.HttpSession) throws java.io.IOException
2018-12-25 09:06:17.903 [restartedMain] INFO  o.s.w.s.m.m.a.RequestMappingHandlerMapping - Mapped "{[/admin/login]}" onto public com.baizhi.springb1.entity.Admin com.baizhi.springb1.controller.AdminController.login(java.lang.String,java.lang.String,java.lang.String,javax.servlet.http.HttpSession)
2018-12-25 09:06:17.904 [restartedMain] INFO  o.s.w.s.m.m.a.RequestMappingHandlerMapping - Mapped "{[/admin/test1]}" onto public java.lang.String com.baizhi.springb1.controller.AdminController.test1(java.util.Date)
2018-12-25 09:06:17.908 [restartedMain] INFO  o.s.w.s.m.m.a.RequestMappingHandlerMapping - Mapped "{[/album/add],methods=[POST]}" onto public void com.baizhi.springb1.controller.AlbumController.add(com.baizhi.springb1.entity.Album,org.springframework.web.multipart.MultipartFile) throws java.io.IOException
2018-12-25 09:06:17.909 [restartedMain] INFO  o.s.w.s.m.m.a.RequestMappingHandlerMapping - Mapped "{[/album/showOne]}" onto public com.baizhi.springb1.entity.DtoAlbum com.baizhi.springb1.controller.AlbumController.showOne(java.lang.Integer)
2018-12-25 09:06:17.910 [restartedMain] INFO  o.s.w.s.m.m.a.RequestMappingHandlerMapping - Mapped "{[/album/exportAllAlbum]}" onto public void com.baizhi.springb1.controller.AlbumController.exportAllAlbum(javax.servlet.http.HttpServletResponse)
2018-12-25 09:06:17.911 [restartedMain] INFO  o.s.w.s.m.m.a.RequestMappingHandlerMapping - Mapped "{[/album/showAll]}" onto public com.baizhi.springb1.entity.DtoAlbum com.baizhi.springb1.controller.AlbumController.showAll(int,int)
2018-12-25 09:06:17.914 [restartedMain] INFO  o.s.w.s.m.m.a.RequestMappingHandlerMapping - Mapped "{[/banner/add],methods=[POST]}" onto public void com.baizhi.springb1.controller.BannerController.add(com.baizhi.springb1.entity.Banner,org.springframework.web.multipart.MultipartFile,javax.servlet.http.HttpServletRequest) throws java.io.IOException
2018-12-25 09:06:17.915 [restartedMain] INFO  o.s.w.s.m.m.a.RequestMappingHandlerMapping - Mapped "{[/banner/update]}" onto public void com.baizhi.springb1.controller.BannerController.update(java.lang.Integer,java.lang.Integer)
2018-12-25 09:06:17.917 [restartedMain] INFO  o.s.w.s.m.m.a.RequestMappingHandlerMapping - Mapped "{[/banner/delete]}" onto public void com.baizhi.springb1.controller.BannerController.delete(java.lang.Integer)
2018-12-25 09:06:17.918 [restartedMain] INFO  o.s.w.s.m.m.a.RequestMappingHandlerMapping - Mapped "{[/banner/showAll]}" onto public com.baizhi.springb1.entity.DtoBanner com.baizhi.springb1.controller.BannerController.showAll(int,int)
2018-12-25 09:06:17.920 [restartedMain] INFO  o.s.w.s.m.m.a.RequestMappingHandlerMapping - Mapped "{[/chapter/add]}" onto public void com.baizhi.springb1.controller.ChapterController.add(com.baizhi.springb1.entity.Chapter,org.springframework.web.multipart.MultipartFile)
2018-12-25 09:06:17.920 [restartedMain] INFO  o.s.w.s.m.m.a.RequestMappingHandlerMapping - Mapped "{[/chapter/download]}" onto public void com.baizhi.springb1.controller.ChapterController.download(java.lang.String,javax.servlet.http.HttpServletResponse,javax.servlet.http.HttpSession,javax.servlet.http.HttpServletRequest) throws java.io.IOException
2018-12-25 09:06:17.929 [restartedMain] INFO  o.s.w.s.m.m.a.RequestMappingHandlerMapping - Mapped "{[/menu/showAllFu]}" onto public java.util.List<com.baizhi.springb1.entity.Menu> com.baizhi.springb1.controller.MenuController.showAllFu()
2018-12-25 09:06:17.931 [restartedMain] INFO  o.s.w.s.m.m.a.RequestMappingHandlerMapping - Mapped "{[/menu/showAllZi/{id}]}" onto public java.util.List<com.baizhi.springb1.entity.Menu> com.baizhi.springb1.controller.MenuController.showAllZi(java.lang.Integer)
2018-12-25 09:06:17.935 [restartedMain] INFO  o.s.w.s.m.m.a.RequestMappingHandlerMapping - Mapped "{[/error]}" onto public org.springframework.http.ResponseEntity<java.util.Map<java.lang.String, java.lang.Object>> org.springframework.boot.autoconfigure.web.BasicErrorController.error(javax.servlet.http.HttpServletRequest)
2018-12-25 09:06:17.936 [restartedMain] INFO  o.s.w.s.m.m.a.RequestMappingHandlerMapping - Mapped "{[/error],produces=[text/html]}" onto public org.springframework.web.servlet.ModelAndView org.springframework.boot.autoconfigure.web.BasicErrorController.errorHtml(javax.servlet.http.HttpServletRequest,javax.servlet.http.HttpServletResponse)
2018-12-25 09:06:18.091 [restartedMain] INFO  o.s.web.servlet.handler.SimpleUrlHandlerMapping - Mapped URL path [/webjars/**] onto handler of type [class org.springframework.web.servlet.resource.ResourceHttpRequestHandler]
2018-12-25 09:06:18.091 [restartedMain] INFO  o.s.web.servlet.handler.SimpleUrlHandlerMapping - Mapped URL path [/**] onto handler of type [class org.springframework.web.servlet.resource.ResourceHttpRequestHandler]
2018-12-25 09:06:18.128 [restartedMain] INFO  o.s.w.s.m.m.a.ExceptionHandlerExceptionResolver - Detected @ExceptionHandler methods in globleException
2018-12-25 09:06:18.190 [restartedMain] INFO  o.s.web.servlet.handler.SimpleUrlHandlerMapping - Mapped URL path [/**/favicon.ico] onto handler of type [class org.springframework.web.servlet.resource.ResourceHttpRequestHandler]
2018-12-25 09:06:18.802 [restartedMain] INFO  o.s.b.d.autoconfigure.OptionalLiveReloadServer - LiveReload server is running on port 35729
2018-12-25 09:06:18.823 [restartedMain] INFO  t.mybatis.mapper.autoconfigure.MapperCacheDisabler - Clear tk.mybatis.mapper.util.MsUtil CLASS_CACHE cache.
2018-12-25 09:06:18.825 [restartedMain] INFO  t.mybatis.mapper.autoconfigure.MapperCacheDisabler - Clear tk.mybatis.mapper.genid.GenIdUtil CACHE cache.
2018-12-25 09:06:18.826 [restartedMain] INFO  t.mybatis.mapper.autoconfigure.MapperCacheDisabler - Clear tk.mybatis.mapper.version.VersionUtil CACHE cache.
2018-12-25 09:06:18.826 [restartedMain] INFO  t.mybatis.mapper.autoconfigure.MapperCacheDisabler - Clear EntityHelper entityTableMap cache.
2018-12-25 09:06:18.903 [restartedMain] INFO  o.s.jmx.export.annotation.AnnotationMBeanExporter - Registering beans for JMX exposure on startup
2018-12-25 09:06:18.905 [restartedMain] INFO  o.s.jmx.export.annotation.AnnotationMBeanExporter - Bean with name 'dataSource' has been autodetected for JMX exposure
2018-12-25 09:06:18.911 [restartedMain] INFO  o.s.jmx.export.annotation.AnnotationMBeanExporter - Located MBean 'dataSource': registering with JMX server as MBean [com.alibaba.druid.pool:name=dataSource,type=DruidDataSource]
2018-12-25 09:06:18.936 [restartedMain] INFO  org.apache.coyote.http11.Http11NioProtocol - Initializing ProtocolHandler ["http-nio-8089"]
2018-12-25 09:06:18.959 [restartedMain] INFO  org.apache.coyote.http11.Http11NioProtocol - Starting ProtocolHandler ["http-nio-8089"]
2018-12-25 09:06:18.980 [restartedMain] INFO  org.apache.tomcat.util.net.NioSelectorPool - Using a shared selector for servlet write/read
2018-12-25 09:06:19.054 [restartedMain] INFO  o.s.b.c.e.tomcat.TomcatEmbeddedServletContainer - Tomcat started on port(s): 8089 (http)
2018-12-25 09:06:19.063 [restartedMain] INFO  com.baizhi.springb1.Springb1Application - Started Springb1Application in 9.982 seconds (JVM running for 11.16)
2018-12-25 09:06:39.626 [http-nio-8089-exec-2] INFO  o.a.c.c.C.[Tomcat].[localhost].[/springb-1] - Initializing Spring FrameworkServlet 'dispatcherServlet'
2018-12-25 09:06:39.627 [http-nio-8089-exec-2] INFO  org.springframework.web.servlet.DispatcherServlet - FrameworkServlet 'dispatcherServlet': initialization started
2018-12-25 09:06:39.705 [http-nio-8089-exec-2] INFO  org.springframework.web.servlet.DispatcherServlet - FrameworkServlet 'dispatcherServlet': initialization completed in 77 ms
2018-12-25 09:06:40.434 [http-nio-8089-exec-6] INFO  com.alibaba.druid.pool.DruidDataSource - {dataSource-1} inited
2018-12-25 09:06:43.274 [http-nio-8089-exec-6] INFO  com.baizhi.springb1.service.impl.AlbumServiceImpl - 1---------------------------
2018-12-25 09:06:43.281 [http-nio-8089-exec-6] INFO  com.baizhi.springb1.service.impl.AlbumServiceImpl - 2---------------------------
2018-12-25 09:06:43.284 [http-nio-8089-exec-6] INFO  com.baizhi.springb1.service.impl.AlbumServiceImpl - 3---------------------------
2018-12-25 09:07:01.593 [http-nio-8089-exec-5] INFO  com.baizhi.springb1.controller.AlbumController - D:/ideaworkspace/springb/springb-1/src/main/webapp/img\captcha.jpg----------------
2018-12-25 09:07:01.593 [http-nio-8089-exec-5] INFO  com.baizhi.springb1.controller.AlbumController - D:/ideaworkspace/springb/springb-1/src/main/webapp/img\captcha.jpg----------------
2018-12-25 09:07:01.593 [http-nio-8089-exec-5] INFO  com.baizhi.springb1.controller.AlbumController - D:/ideaworkspace/springb/springb-1/src/main/webapp/img\captcha.jpg----------------
2018-12-25 09:07:01.594 [http-nio-8089-exec-5] INFO  com.baizhi.springb1.controller.AlbumController - D:/ideaworkspace/springb/springb-1/src/main/webapp/img\captcha.jpg----------------
2018-12-25 09:07:01.594 [http-nio-8089-exec-5] INFO  com.baizhi.springb1.controller.AlbumController - D:/ideaworkspace/springb/springb-1/src/main/webapp/img\123100955cb302034450b4b0a78f9288c365.png----------------
2018-12-25 13:14:30.326 [restartedMain] INFO  com.baizhi.springb1.Springb1Application - Starting Springb1Application on MyPC with PID 16008 (D:\ideaworkspace\springb\springb-1\target\classes started by HENGEN in D:\ideaworkspace\springb\springb-1)
2018-12-25 13:14:30.330 [restartedMain] INFO  com.baizhi.springb1.Springb1Application - No active profile set, falling back to default profiles: default
2018-12-25 13:14:30.499 [restartedMain] INFO  o.s.b.c.e.AnnotationConfigEmbeddedWebApplicationContext - Refreshing org.springframework.boot.context.embedded.AnnotationConfigEmbeddedWebApplicationContext@556df34: startup date [Tue Dec 25 13:14:30 CST 2018]; root of context hierarchy
2018-12-25 13:14:31.198 [background-preinit] INFO  org.hibernate.validator.internal.util.Version - HV000001: Hibernate Validator 5.3.5.Final
2018-12-25 13:14:33.048 [restartedMain] WARN  tk.mybatis.spring.mapper.ClassPathMapperScanner - No MyBatis mapper was found in '[com.baizhi.springb1]' package. Please check your configuration.
2018-12-25 13:14:35.326 [restartedMain] INFO  o.s.b.c.e.tomcat.TomcatEmbeddedServletContainer - Tomcat initialized with port(s): 8089 (http)
2018-12-25 13:14:35.357 [restartedMain] INFO  org.apache.catalina.core.StandardService - Starting service [Tomcat]
2018-12-25 13:14:35.360 [restartedMain] INFO  org.apache.catalina.core.StandardEngine - Starting Servlet Engine: Apache Tomcat/8.5.23
2018-12-25 13:14:36.004 [localhost-startStop-1] INFO  org.apache.jasper.servlet.TldScanner - At least one JAR was scanned for TLDs yet contained no TLDs. Enable debug logging for this logger for a complete list of JARs that were scanned but no TLDs were found in them. Skipping unneeded JARs during scanning can improve startup time and JSP compilation time.
2018-12-25 13:14:36.016 [localhost-startStop-1] INFO  o.a.c.c.C.[Tomcat].[localhost].[/springb-1] - Initializing Spring embedded WebApplicationContext
2018-12-25 13:14:36.016 [localhost-startStop-1] INFO  org.springframework.web.context.ContextLoader - Root WebApplicationContext: initialization completed in 5517 ms
2018-12-25 13:14:36.325 [localhost-startStop-1] INFO  o.s.boot.web.servlet.ServletRegistrationBean - Mapping servlet: 'dispatcherServlet' to [/]
2018-12-25 13:14:36.333 [localhost-startStop-1] INFO  o.s.boot.web.servlet.FilterRegistrationBean - Mapping filter: 'characterEncodingFilter' to: [/*]
2018-12-25 13:14:36.333 [localhost-startStop-1] INFO  o.s.boot.web.servlet.FilterRegistrationBean - Mapping filter: 'hiddenHttpMethodFilter' to: [/*]
2018-12-25 13:14:36.333 [localhost-startStop-1] INFO  o.s.boot.web.servlet.FilterRegistrationBean - Mapping filter: 'httpPutFormContentFilter' to: [/*]
2018-12-25 13:14:36.334 [localhost-startStop-1] INFO  o.s.boot.web.servlet.FilterRegistrationBean - Mapping filter: 'requestContextFilter' to: [/*]
2018-12-25 13:14:38.419 [restartedMain] INFO  o.s.w.s.m.m.a.RequestMappingHandlerAdapter - Looking for @ControllerAdvice: org.springframework.boot.context.embedded.AnnotationConfigEmbeddedWebApplicationContext@556df34: startup date [Tue Dec 25 13:14:30 CST 2018]; root of context hierarchy
2018-12-25 13:14:38.560 [restartedMain] INFO  o.s.w.s.m.m.a.RequestMappingHandlerMapping - Mapped "{[/admin/test]}" onto public java.lang.String com.baizhi.springb1.controller.AdminController.test()
2018-12-25 13:14:38.565 [restartedMain] INFO  o.s.w.s.m.m.a.RequestMappingHandlerMapping - Mapped "{[/admin/image]}" onto public void com.baizhi.springb1.controller.AdminController.image(javax.servlet.http.HttpServletResponse,javax.servlet.http.HttpSession) throws java.io.IOException
2018-12-25 13:14:38.566 [restartedMain] INFO  o.s.w.s.m.m.a.RequestMappingHandlerMapping - Mapped "{[/admin/test1]}" onto public java.lang.String com.baizhi.springb1.controller.AdminController.test1(java.util.Date)
2018-12-25 13:14:38.567 [restartedMain] INFO  o.s.w.s.m.m.a.RequestMappingHandlerMapping - Mapped "{[/admin/login]}" onto public com.baizhi.springb1.entity.Admin com.baizhi.springb1.controller.AdminController.login(java.lang.String,java.lang.String,java.lang.String,javax.servlet.http.HttpSession)
2018-12-25 13:14:38.571 [restartedMain] INFO  o.s.w.s.m.m.a.RequestMappingHandlerMapping - Mapped "{[/album/add],methods=[POST]}" onto public void com.baizhi.springb1.controller.AlbumController.add(com.baizhi.springb1.entity.Album,org.springframework.web.multipart.MultipartFile) throws java.io.IOException
2018-12-25 13:14:38.571 [restartedMain] INFO  o.s.w.s.m.m.a.RequestMappingHandlerMapping - Mapped "{[/album/showAll]}" onto public com.baizhi.springb1.entity.DtoAlbum com.baizhi.springb1.controller.AlbumController.showAll(int,int)
2018-12-25 13:14:38.572 [restartedMain] INFO  o.s.w.s.m.m.a.RequestMappingHandlerMapping - Mapped "{[/album/exportAllAlbum]}" onto public void com.baizhi.springb1.controller.AlbumController.exportAllAlbum(javax.servlet.http.HttpServletResponse)
2018-12-25 13:14:38.573 [restartedMain] INFO  o.s.w.s.m.m.a.RequestMappingHandlerMapping - Mapped "{[/album/showOne]}" onto public com.baizhi.springb1.entity.DtoAlbum com.baizhi.springb1.controller.AlbumController.showOne(java.lang.Integer)
2018-12-25 13:14:38.575 [restartedMain] INFO  o.s.w.s.m.m.a.RequestMappingHandlerMapping - Mapped "{[/banner/add],methods=[POST]}" onto public void com.baizhi.springb1.controller.BannerController.add(com.baizhi.springb1.entity.Banner,org.springframework.web.multipart.MultipartFile,javax.servlet.http.HttpServletRequest) throws java.io.IOException
2018-12-25 13:14:38.577 [restartedMain] INFO  o.s.w.s.m.m.a.RequestMappingHandlerMapping - Mapped "{[/banner/update]}" onto public void com.baizhi.springb1.controller.BannerController.update(java.lang.Integer,java.lang.Integer)
2018-12-25 13:14:38.577 [restartedMain] INFO  o.s.w.s.m.m.a.RequestMappingHandlerMapping - Mapped "{[/banner/delete]}" onto public void com.baizhi.springb1.controller.BannerController.delete(java.lang.Integer)
2018-12-25 13:14:38.577 [restartedMain] INFO  o.s.w.s.m.m.a.RequestMappingHandlerMapping - Mapped "{[/banner/showAll]}" onto public com.baizhi.springb1.entity.DtoBanner com.baizhi.springb1.controller.BannerController.showAll(int,int)
2018-12-25 13:14:38.580 [restartedMain] INFO  o.s.w.s.m.m.a.RequestMappingHandlerMapping - Mapped "{[/chapter/add]}" onto public void com.baizhi.springb1.controller.ChapterController.add(com.baizhi.springb1.entity.Chapter,org.springframework.web.multipart.MultipartFile)
2018-12-25 13:14:38.581 [restartedMain] INFO  o.s.w.s.m.m.a.RequestMappingHandlerMapping - Mapped "{[/chapter/download]}" onto public void com.baizhi.springb1.controller.ChapterController.download(java.lang.String,javax.servlet.http.HttpServletResponse,javax.servlet.http.HttpSession,javax.servlet.http.HttpServletRequest) throws java.io.IOException
2018-12-25 13:14:38.749 [restartedMain] INFO  o.s.w.s.m.m.a.RequestMappingHandlerMapping - Mapped "{[/menu/showAllFu]}" onto public java.util.List<com.baizhi.springb1.entity.Menu> com.baizhi.springb1.controller.MenuController.showAllFu()
2018-12-25 13:14:38.750 [restartedMain] INFO  o.s.w.s.m.m.a.RequestMappingHandlerMapping - Mapped "{[/menu/showAllZi/{id}]}" onto public java.util.List<com.baizhi.springb1.entity.Menu> com.baizhi.springb1.controller.MenuController.showAllZi(java.lang.Integer)
2018-12-25 13:14:38.755 [restartedMain] INFO  o.s.w.s.m.m.a.RequestMappingHandlerMapping - Mapped "{[/error]}" onto public org.springframework.http.ResponseEntity<java.util.Map<java.lang.String, java.lang.Object>> org.springframework.boot.autoconfigure.web.BasicErrorController.error(javax.servlet.http.HttpServletRequest)
2018-12-25 13:14:38.756 [restartedMain] INFO  o.s.w.s.m.m.a.RequestMappingHandlerMapping - Mapped "{[/error],produces=[text/html]}" onto public org.springframework.web.servlet.ModelAndView org.springframework.boot.autoconfigure.web.BasicErrorController.errorHtml(javax.servlet.http.HttpServletRequest,javax.servlet.http.HttpServletResponse)
2018-12-25 13:14:38.816 [restartedMain] INFO  o.s.web.servlet.handler.SimpleUrlHandlerMapping - Mapped URL path [/webjars/**] onto handler of type [class org.springframework.web.servlet.resource.ResourceHttpRequestHandler]
2018-12-25 13:14:38.817 [restartedMain] INFO  o.s.web.servlet.handler.SimpleUrlHandlerMapping - Mapped URL path [/**] onto handler of type [class org.springframework.web.servlet.resource.ResourceHttpRequestHandler]
2018-12-25 13:14:38.848 [restartedMain] INFO  o.s.w.s.m.m.a.ExceptionHandlerExceptionResolver - Detected @ExceptionHandler methods in globleException
2018-12-25 13:14:38.901 [restartedMain] INFO  o.s.web.servlet.handler.SimpleUrlHandlerMapping - Mapped URL path [/**/favicon.ico] onto handler of type [class org.springframework.web.servlet.resource.ResourceHttpRequestHandler]
2018-12-25 13:14:39.496 [restartedMain] INFO  o.s.b.d.autoconfigure.OptionalLiveReloadServer - LiveReload server is running on port 35729
2018-12-25 13:14:39.515 [restartedMain] INFO  t.mybatis.mapper.autoconfigure.MapperCacheDisabler - Clear tk.mybatis.mapper.util.MsUtil CLASS_CACHE cache.
2018-12-25 13:14:39.516 [restartedMain] INFO  t.mybatis.mapper.autoconfigure.MapperCacheDisabler - Clear tk.mybatis.mapper.genid.GenIdUtil CACHE cache.
2018-12-25 13:14:39.517 [restartedMain] INFO  t.mybatis.mapper.autoconfigure.MapperCacheDisabler - Clear tk.mybatis.mapper.version.VersionUtil CACHE cache.
2018-12-25 13:14:39.517 [restartedMain] INFO  t.mybatis.mapper.autoconfigure.MapperCacheDisabler - Clear EntityHelper entityTableMap cache.
2018-12-25 13:14:39.606 [restartedMain] INFO  o.s.jmx.export.annotation.AnnotationMBeanExporter - Registering beans for JMX exposure on startup
2018-12-25 13:14:39.608 [restartedMain] INFO  o.s.jmx.export.annotation.AnnotationMBeanExporter - Bean with name 'dataSource' has been autodetected for JMX exposure
2018-12-25 13:14:39.617 [restartedMain] INFO  o.s.jmx.export.annotation.AnnotationMBeanExporter - Located MBean 'dataSource': registering with JMX server as MBean [com.alibaba.druid.pool:name=dataSource,type=DruidDataSource]
2018-12-25 13:14:39.647 [restartedMain] INFO  org.apache.coyote.http11.Http11NioProtocol - Initializing ProtocolHandler ["http-nio-8089"]
2018-12-25 13:14:39.670 [restartedMain] INFO  org.apache.coyote.http11.Http11NioProtocol - Starting ProtocolHandler ["http-nio-8089"]
2018-12-25 13:14:39.690 [restartedMain] INFO  org.apache.tomcat.util.net.NioSelectorPool - Using a shared selector for servlet write/read
2018-12-25 13:14:39.774 [restartedMain] INFO  o.s.b.c.e.tomcat.TomcatEmbeddedServletContainer - Tomcat started on port(s): 8089 (http)
2018-12-25 13:14:39.787 [restartedMain] INFO  com.baizhi.springb1.Springb1Application - Started Springb1Application in 9.966 seconds (JVM running for 11.169)
2018-12-25 13:15:02.707 [http-nio-8089-exec-2] INFO  o.a.c.c.C.[Tomcat].[localhost].[/springb-1] - Initializing Spring FrameworkServlet 'dispatcherServlet'
2018-12-25 13:15:02.707 [http-nio-8089-exec-2] INFO  org.springframework.web.servlet.DispatcherServlet - FrameworkServlet 'dispatcherServlet': initialization started
2018-12-25 13:15:02.756 [http-nio-8089-exec-2] INFO  org.springframework.web.servlet.DispatcherServlet - FrameworkServlet 'dispatcherServlet': initialization completed in 48 ms
2018-12-25 13:15:15.839 [http-nio-8089-exec-8] INFO  com.alibaba.druid.pool.DruidDataSource - {dataSource-1} inited
2018-12-25 13:47:53.436 [restartedMain] INFO  com.baizhi.springb1.Springb1Application - Starting Springb1Application on MyPC with PID 9812 (D:\ideaworkspace\springb\springb-1\target\classes started by HENGEN in D:\ideaworkspace\springb\springb-1)
2018-12-25 13:47:53.440 [restartedMain] INFO  com.baizhi.springb1.Springb1Application - No active profile set, falling back to default profiles: default
2018-12-25 13:47:53.619 [restartedMain] INFO  o.s.b.c.e.AnnotationConfigEmbeddedWebApplicationContext - Refreshing org.springframework.boot.context.embedded.AnnotationConfigEmbeddedWebApplicationContext@3d103711: startup date [Tue Dec 25 13:47:53 CST 2018]; root of context hierarchy
2018-12-25 13:47:54.511 [background-preinit] INFO  org.hibernate.validator.internal.util.Version - HV000001: Hibernate Validator 5.3.5.Final
2018-12-25 13:47:58.253 [restartedMain] WARN  tk.mybatis.spring.mapper.ClassPathMapperScanner - No MyBatis mapper was found in '[com.baizhi.springb1]' package. Please check your configuration.
2018-12-25 13:48:02.300 [restartedMain] INFO  o.s.b.c.e.tomcat.TomcatEmbeddedServletContainer - Tomcat initialized with port(s): 8089 (http)
2018-12-25 13:48:02.347 [restartedMain] INFO  org.apache.catalina.core.StandardService - Starting service [Tomcat]
2018-12-25 13:48:02.350 [restartedMain] INFO  org.apache.catalina.core.StandardEngine - Starting Servlet Engine: Apache Tomcat/8.5.23
2018-12-25 13:48:03.033 [localhost-startStop-1] INFO  org.apache.jasper.servlet.TldScanner - At least one JAR was scanned for TLDs yet contained no TLDs. Enable debug logging for this logger for a complete list of JARs that were scanned but no TLDs were found in them. Skipping unneeded JARs during scanning can improve startup time and JSP compilation time.
2018-12-25 13:48:03.061 [localhost-startStop-1] INFO  o.a.c.c.C.[Tomcat].[localhost].[/springb-1] - Initializing Spring embedded WebApplicationContext
2018-12-25 13:48:03.062 [localhost-startStop-1] INFO  org.springframework.web.context.ContextLoader - Root WebApplicationContext: initialization completed in 9444 ms
2018-12-25 13:48:03.573 [localhost-startStop-1] INFO  o.s.boot.web.servlet.ServletRegistrationBean - Mapping servlet: 'dispatcherServlet' to [/]
2018-12-25 13:48:03.582 [localhost-startStop-1] INFO  o.s.boot.web.servlet.FilterRegistrationBean - Mapping filter: 'characterEncodingFilter' to: [/*]
2018-12-25 13:48:03.582 [localhost-startStop-1] INFO  o.s.boot.web.servlet.FilterRegistrationBean - Mapping filter: 'hiddenHttpMethodFilter' to: [/*]
2018-12-25 13:48:03.583 [localhost-startStop-1] INFO  o.s.boot.web.servlet.FilterRegistrationBean - Mapping filter: 'httpPutFormContentFilter' to: [/*]
2018-12-25 13:48:03.583 [localhost-startStop-1] INFO  o.s.boot.web.servlet.FilterRegistrationBean - Mapping filter: 'requestContextFilter' to: [/*]
2018-12-25 13:48:06.932 [restartedMain] INFO  o.s.w.s.m.m.a.RequestMappingHandlerAdapter - Looking for @ControllerAdvice: org.springframework.boot.context.embedded.AnnotationConfigEmbeddedWebApplicationContext@3d103711: startup date [Tue Dec 25 13:47:53 CST 2018]; root of context hierarchy
2018-12-25 13:48:07.408 [restartedMain] INFO  o.s.w.s.m.m.a.RequestMappingHandlerMapping - Mapped "{[/admin/test]}" onto public java.lang.String com.baizhi.springb1.controller.AdminController.test()
2018-12-25 13:48:07.413 [restartedMain] INFO  o.s.w.s.m.m.a.RequestMappingHandlerMapping - Mapped "{[/admin/login]}" onto public com.baizhi.springb1.entity.Admin com.baizhi.springb1.controller.AdminController.login(java.lang.String,java.lang.String,java.lang.String,javax.servlet.http.HttpSession)
2018-12-25 13:48:07.414 [restartedMain] INFO  o.s.w.s.m.m.a.RequestMappingHandlerMapping - Mapped "{[/admin/test1]}" onto public java.lang.String com.baizhi.springb1.controller.AdminController.test1(java.util.Date)
2018-12-25 13:48:07.415 [restartedMain] INFO  o.s.w.s.m.m.a.RequestMappingHandlerMapping - Mapped "{[/admin/image]}" onto public void com.baizhi.springb1.controller.AdminController.image(javax.servlet.http.HttpServletResponse,javax.servlet.http.HttpSession) throws java.io.IOException
2018-12-25 13:48:07.426 [restartedMain] INFO  o.s.w.s.m.m.a.RequestMappingHandlerMapping - Mapped "{[/album/add],methods=[POST]}" onto public void com.baizhi.springb1.controller.AlbumController.add(com.baizhi.springb1.entity.Album,org.springframework.web.multipart.MultipartFile) throws java.io.IOException
2018-12-25 13:48:07.427 [restartedMain] INFO  o.s.w.s.m.m.a.RequestMappingHandlerMapping - Mapped "{[/album/showOne]}" onto public com.baizhi.springb1.entity.DtoAlbum com.baizhi.springb1.controller.AlbumController.showOne(java.lang.Integer)
2018-12-25 13:48:07.428 [restartedMain] INFO  o.s.w.s.m.m.a.RequestMappingHandlerMapping - Mapped "{[/album/showAll]}" onto public com.baizhi.springb1.entity.DtoAlbum com.baizhi.springb1.controller.AlbumController.showAll(int,int)
2018-12-25 13:48:07.429 [restartedMain] INFO  o.s.w.s.m.m.a.RequestMappingHandlerMapping - Mapped "{[/album/exportAllAlbum]}" onto public void com.baizhi.springb1.controller.AlbumController.exportAllAlbum(javax.servlet.http.HttpServletResponse)
2018-12-25 13:48:07.433 [restartedMain] INFO  o.s.w.s.m.m.a.RequestMappingHandlerMapping - Mapped "{[/banner/add],methods=[POST]}" onto public void com.baizhi.springb1.controller.BannerController.add(com.baizhi.springb1.entity.Banner,org.springframework.web.multipart.MultipartFile,javax.servlet.http.HttpServletRequest) throws java.io.IOException
2018-12-25 13:48:07.434 [restartedMain] INFO  o.s.w.s.m.m.a.RequestMappingHandlerMapping - Mapped "{[/banner/update]}" onto public void com.baizhi.springb1.controller.BannerController.update(java.lang.Integer,java.lang.Integer)
2018-12-25 13:48:07.434 [restartedMain] INFO  o.s.w.s.m.m.a.RequestMappingHandlerMapping - Mapped "{[/banner/delete]}" onto public void com.baizhi.springb1.controller.BannerController.delete(java.lang.Integer)
2018-12-25 13:48:07.435 [restartedMain] INFO  o.s.w.s.m.m.a.RequestMappingHandlerMapping - Mapped "{[/banner/showAll]}" onto public com.baizhi.springb1.entity.DtoBanner com.baizhi.springb1.controller.BannerController.showAll(int,int)
2018-12-25 13:48:07.436 [restartedMain] INFO  o.s.w.s.m.m.a.RequestMappingHandlerMapping - Mapped "{[/chapter/add]}" onto public void com.baizhi.springb1.controller.ChapterController.add(com.baizhi.springb1.entity.Chapter,org.springframework.web.multipart.MultipartFile)
2018-12-25 13:48:07.437 [restartedMain] INFO  o.s.w.s.m.m.a.RequestMappingHandlerMapping - Mapped "{[/chapter/download]}" onto public void com.baizhi.springb1.controller.ChapterController.download(java.lang.String,javax.servlet.http.HttpServletResponse,javax.servlet.http.HttpSession,javax.servlet.http.HttpServletRequest) throws java.io.IOException
2018-12-25 13:48:07.445 [restartedMain] INFO  o.s.w.s.m.m.a.RequestMappingHandlerMapping - Mapped "{[/menu/showAllFu]}" onto public java.util.List<com.baizhi.springb1.entity.Menu> com.baizhi.springb1.controller.MenuController.showAllFu()
2018-12-25 13:48:07.447 [restartedMain] INFO  o.s.w.s.m.m.a.RequestMappingHandlerMapping - Mapped "{[/menu/showAllZi/{id}]}" onto public java.util.List<com.baizhi.springb1.entity.Menu> com.baizhi.springb1.controller.MenuController.showAllZi(java.lang.Integer)
2018-12-25 13:48:07.453 [restartedMain] INFO  o.s.w.s.m.m.a.RequestMappingHandlerMapping - Mapped "{[/error]}" onto public org.springframework.http.ResponseEntity<java.util.Map<java.lang.String, java.lang.Object>> org.springframework.boot.autoconfigure.web.BasicErrorController.error(javax.servlet.http.HttpServletRequest)
2018-12-25 13:48:07.454 [restartedMain] INFO  o.s.w.s.m.m.a.RequestMappingHandlerMapping - Mapped "{[/error],produces=[text/html]}" onto public org.springframework.web.servlet.ModelAndView org.springframework.boot.autoconfigure.web.BasicErrorController.errorHtml(javax.servlet.http.HttpServletRequest,javax.servlet.http.HttpServletResponse)
2018-12-25 13:48:07.541 [restartedMain] INFO  o.s.web.servlet.handler.SimpleUrlHandlerMapping - Mapped URL path [/webjars/**] onto handler of type [class org.springframework.web.servlet.resource.ResourceHttpRequestHandler]
2018-12-25 13:48:07.541 [restartedMain] INFO  o.s.web.servlet.handler.SimpleUrlHandlerMapping - Mapped URL path [/**] onto handler of type [class org.springframework.web.servlet.resource.ResourceHttpRequestHandler]
2018-12-25 13:48:07.578 [restartedMain] INFO  o.s.w.s.m.m.a.ExceptionHandlerExceptionResolver - Detected @ExceptionHandler methods in globleException
2018-12-25 13:48:07.642 [restartedMain] INFO  o.s.web.servlet.handler.SimpleUrlHandlerMapping - Mapped URL path [/**/favicon.ico] onto handler of type [class org.springframework.web.servlet.resource.ResourceHttpRequestHandler]
2018-12-25 13:48:08.407 [restartedMain] INFO  o.s.b.d.autoconfigure.OptionalLiveReloadServer - LiveReload server is running on port 35729
2018-12-25 13:48:08.432 [restartedMain] INFO  t.mybatis.mapper.autoconfigure.MapperCacheDisabler - Clear tk.mybatis.mapper.util.MsUtil CLASS_CACHE cache.
2018-12-25 13:48:08.438 [restartedMain] INFO  t.mybatis.mapper.autoconfigure.MapperCacheDisabler - Clear tk.mybatis.mapper.genid.GenIdUtil CACHE cache.
2018-12-25 13:48:08.440 [restartedMain] INFO  t.mybatis.mapper.autoconfigure.MapperCacheDisabler - Clear tk.mybatis.mapper.version.VersionUtil CACHE cache.
2018-12-25 13:48:08.440 [restartedMain] INFO  t.mybatis.mapper.autoconfigure.MapperCacheDisabler - Clear EntityHelper entityTableMap cache.
2018-12-25 13:48:09.128 [restartedMain] INFO  o.s.jmx.export.annotation.AnnotationMBeanExporter - Registering beans for JMX exposure on startup
2018-12-25 13:48:09.137 [restartedMain] INFO  o.s.jmx.export.annotation.AnnotationMBeanExporter - Bean with name 'dataSource' has been autodetected for JMX exposure
2018-12-25 13:48:09.282 [restartedMain] INFO  o.s.jmx.export.annotation.AnnotationMBeanExporter - Located MBean 'dataSource': registering with JMX server as MBean [com.alibaba.druid.pool:name=dataSource,type=DruidDataSource]
2018-12-25 13:48:09.671 [restartedMain] INFO  org.apache.coyote.http11.Http11NioProtocol - Initializing ProtocolHandler ["http-nio-8089"]
2018-12-25 13:48:09.717 [restartedMain] INFO  org.apache.coyote.http11.Http11NioProtocol - Starting ProtocolHandler ["http-nio-8089"]
2018-12-25 13:48:10.203 [restartedMain] INFO  org.apache.tomcat.util.net.NioSelectorPool - Using a shared selector for servlet write/read
2018-12-25 13:48:10.919 [restartedMain] INFO  o.s.b.c.e.tomcat.TomcatEmbeddedServletContainer - Tomcat started on port(s): 8089 (http)
2018-12-25 13:48:11.070 [restartedMain] INFO  com.baizhi.springb1.Springb1Application - Started Springb1Application in 18.361 seconds (JVM running for 19.877)
2018-12-25 13:48:20.210 [http-nio-8089-exec-9] INFO  o.a.c.c.C.[Tomcat].[localhost].[/springb-1] - Initializing Spring FrameworkServlet 'dispatcherServlet'
2018-12-25 13:48:20.211 [http-nio-8089-exec-9] INFO  org.springframework.web.servlet.DispatcherServlet - FrameworkServlet 'dispatcherServlet': initialization started
2018-12-25 13:48:20.284 [http-nio-8089-exec-9] INFO  org.springframework.web.servlet.DispatcherServlet - FrameworkServlet 'dispatcherServlet': initialization completed in 73 ms
2018-12-25 13:48:21.617 [http-nio-8089-exec-5] INFO  com.alibaba.druid.pool.DruidDataSource - {dataSource-1} inited
