2018-12-26 18:32:19.431 [main] INFO  o.s.b.t.context.SpringBootTestContextBootstrapper - Neither @ContextConfiguration nor @ContextHierarchy found for test class [com.baizhi.springb1.Springb1ApplicationTests], using SpringBootContextLoader
2018-12-26 18:32:19.496 [main] INFO  o.s.test.context.support.AbstractContextLoader - Could not detect default resource locations for test class [com.baizhi.springb1.Springb1ApplicationTests]: no resource found for suffixes {-context.xml, Context.groovy}.
2018-12-26 18:32:19.514 [main] INFO  o.s.t.c.support.AnnotationConfigContextLoaderUtils - Could not detect default configuration classes for test class [com.baizhi.springb1.Springb1ApplicationTests]: Springb1ApplicationTests does not declare any static, non-private, non-final, nested classes annotated with @Configuration.
2018-12-26 18:32:21.687 [main] INFO  o.s.b.t.context.SpringBootTestContextBootstrapper - Found @SpringBootConfiguration com.baizhi.springb1.Springb1Application for test class com.baizhi.springb1.Springb1ApplicationTests
2018-12-26 18:32:21.729 [main] INFO  o.s.b.t.context.SpringBootTestContextBootstrapper - Loaded default TestExecutionListener class names from location [META-INF/spring.factories]: [org.springframework.boot.test.mock.mockito.MockitoTestExecutionListener, org.springframework.boot.test.mock.mockito.ResetMocksTestExecutionListener, org.springframework.boot.test.autoconfigure.restdocs.RestDocsTestExecutionListener, org.springframework.boot.test.autoconfigure.web.client.MockRestServiceServerResetTestExecutionListener, org.springframework.boot.test.autoconfigure.web.servlet.MockMvcPrintOnlyOnFailureTestExecutionListener, org.springframework.boot.test.autoconfigure.web.servlet.WebDriverTestExecutionListener, org.springframework.test.context.web.ServletTestExecutionListener, org.springframework.test.context.support.DirtiesContextBeforeModesTestExecutionListener, org.springframework.test.context.support.DependencyInjectionTestExecutionListener, org.springframework.test.context.support.DirtiesContextTestExecutionListener, org.springframework.test.context.transaction.TransactionalTestExecutionListener, org.springframework.test.context.jdbc.SqlScriptsTestExecutionListener]
2018-12-26 18:32:21.873 [main] INFO  o.s.b.t.context.SpringBootTestContextBootstrapper - Using TestExecutionListeners: [org.springframework.test.context.web.ServletTestExecutionListener@1139b2f3, org.springframework.test.context.support.DirtiesContextBeforeModesTestExecutionListener@7a69b07, org.springframework.boot.test.autoconfigure.SpringBootDependencyInjectionTestExecutionListener@5e82df6a, org.springframework.test.context.support.DirtiesContextTestExecutionListener@3f197a46, org.springframework.test.context.transaction.TransactionalTestExecutionListener@636be97c, org.springframework.test.context.jdbc.SqlScriptsTestExecutionListener@50a638b5, org.springframework.boot.test.autoconfigure.web.servlet.WebDriverTestExecutionListener@1817d444, org.springframework.boot.test.autoconfigure.restdocs.RestDocsTestExecutionListener@6ca8564a, org.springframework.boot.test.mock.mockito.MockitoTestExecutionListener@50b472aa, org.springframework.boot.test.autoconfigure.web.client.MockRestServiceServerResetTestExecutionListener@31368b99, org.springframework.boot.test.autoconfigure.web.servlet.MockMvcPrintOnlyOnFailureTestExecutionListener@1725dc0f, org.springframework.boot.test.mock.mockito.ResetMocksTestExecutionListener@3911c2a7]
2018-12-26 18:32:24.266 [main] INFO  com.baizhi.springb1.Springb1ApplicationTests - Starting Springb1ApplicationTests on MyPC with PID 14920 (started by HENGEN in D:\ideaworkspace\springb\springb-1)
2018-12-26 18:32:24.267 [main] INFO  com.baizhi.springb1.Springb1ApplicationTests - No active profile set, falling back to default profiles: default
2018-12-26 18:32:24.457 [main] INFO  o.s.w.context.support.GenericWebApplicationContext - Refreshing org.springframework.web.context.support.GenericWebApplicationContext@8f2ef19: startup date [Wed Dec 26 18:32:24 CST 2018]; root of context hierarchy
2018-12-26 18:32:26.127 [background-preinit] INFO  org.hibernate.validator.internal.util.Version - HV000001: Hibernate Validator 5.3.5.Final
2018-12-26 18:32:28.954 [main] WARN  tk.mybatis.spring.mapper.ClassPathMapperScanner - No MyBatis mapper was found in '[com.baizhi.springb1]' package. Please check your configuration.
2018-12-26 18:32:29.087 [main] WARN  org.mybatis.spring.mapper.ClassPathMapperScanner - No MyBatis mapper was found in '[com.baizhi.springb1]' package. Please check your configuration.
2018-12-26 18:32:34.362 [main] WARN  o.s.b.c.p.ConfigurationPropertiesBindingPostProcessor - The @ConfigurationProperties bean class com.github.tobato.fastdfs.domain.conn.TrackerConnectionManager contains validation constraints but had not been annotated with @Validated.
2018-12-26 18:32:34.363 [main] WARN  o.s.b.c.p.ConfigurationPropertiesBindingPostProcessor - The @ConfigurationProperties bean class com.github.tobato.fastdfs.domain.conn.TrackerConnectionManager contains validation constraints but had not been annotated with @Validated.
2018-12-26 18:32:34.364 [main] WARN  o.s.b.c.p.ConfigurationPropertiesBindingPostProcessor - The @ConfigurationProperties bean class com.github.tobato.fastdfs.domain.conn.TrackerConnectionManager contains validation constraints but had not been annotated with @Validated.
2018-12-26 18:32:34.428 [main] WARN  o.s.w.context.support.GenericWebApplicationContext - Exception encountered during context initialization - cancelling refresh attempt: org.springframework.beans.factory.UnsatisfiedDependencyException: Error creating bean with name 'defaultAppendFileStorageClient': Unsatisfied dependency expressed through field 'trackerClient'; nested exception is org.springframework.beans.factory.UnsatisfiedDependencyException: Error creating bean with name 'defaultTrackerClient': Unsatisfied dependency expressed through field 'trackerConnectionManager'; nested exception is org.springframework.beans.factory.BeanCreationException: Error creating bean with name 'trackerConnectionManager': Invocation of init method failed; nested exception is java.lang.IllegalArgumentException: the value of item "tracker_server" is invalid, the correct format is host:port
2018-12-26 18:32:34.445 [main] INFO  o.s.b.a.l.AutoConfigurationReportLoggingInitializer - 

Error starting ApplicationContext. To display the auto-configuration report re-run your application with 'debug' enabled.
2018-12-26 18:32:34.478 [main] ERROR org.springframework.boot.SpringApplication - Application startup failed
org.springframework.beans.factory.UnsatisfiedDependencyException: Error creating bean with name 'defaultAppendFileStorageClient': Unsatisfied dependency expressed through field 'trackerClient'; nested exception is org.springframework.beans.factory.UnsatisfiedDependencyException: Error creating bean with name 'defaultTrackerClient': Unsatisfied dependency expressed through field 'trackerConnectionManager'; nested exception is org.springframework.beans.factory.BeanCreationException: Error creating bean with name 'trackerConnectionManager': Invocation of init method failed; nested exception is java.lang.IllegalArgumentException: the value of item "tracker_server" is invalid, the correct format is host:port
	at org.springframework.beans.factory.annotation.AutowiredAnnotationBeanPostProcessor$AutowiredFieldElement.inject(AutowiredAnnotationBeanPostProcessor.java:588)
	at org.springframework.beans.factory.annotation.InjectionMetadata.inject(InjectionMetadata.java:88)
	at org.springframework.beans.factory.annotation.AutowiredAnnotationBeanPostProcessor.postProcessPropertyValues(AutowiredAnnotationBeanPostProcessor.java:366)
	at org.springframework.beans.factory.support.AbstractAutowireCapableBeanFactory.populateBean(AbstractAutowireCapableBeanFactory.java:1264)
	at org.springframework.beans.factory.support.AbstractAutowireCapableBeanFactory.doCreateBean(AbstractAutowireCapableBeanFactory.java:553)
	at org.springframework.beans.factory.support.AbstractAutowireCapableBeanFactory.createBean(AbstractAutowireCapableBeanFactory.java:483)
	at org.springframework.beans.factory.support.AbstractBeanFactory$1.getObject(AbstractBeanFactory.java:306)
	at org.springframework.beans.factory.support.DefaultSingletonBeanRegistry.getSingleton(DefaultSingletonBeanRegistry.java:230)
	at org.springframework.beans.factory.support.AbstractBeanFactory.doGetBean(AbstractBeanFactory.java:302)
	at org.springframework.beans.factory.support.AbstractBeanFactory.getBean(AbstractBeanFactory.java:197)
	at org.springframework.beans.factory.support.DefaultListableBeanFactory.preInstantiateSingletons(DefaultListableBeanFactory.java:761)
	at org.springframework.context.support.AbstractApplicationContext.finishBeanFactoryInitialization(AbstractApplicationContext.java:867)
	at org.springframework.context.support.AbstractApplicationContext.refresh(AbstractApplicationContext.java:543)
	at org.springframework.boot.SpringApplication.refresh(SpringApplication.java:693)
	at org.springframework.boot.SpringApplication.refreshContext(SpringApplication.java:360)
	at org.springframework.boot.SpringApplication.run(SpringApplication.java:303)
	at org.springframework.boot.test.context.SpringBootContextLoader.loadContext(SpringBootContextLoader.java:120)
	at org.springframework.test.context.cache.DefaultCacheAwareContextLoaderDelegate.loadContextInternal(DefaultCacheAwareContextLoaderDelegate.java:98)
	at org.springframework.test.context.cache.DefaultCacheAwareContextLoaderDelegate.loadContext(DefaultCacheAwareContextLoaderDelegate.java:116)
	at org.springframework.test.context.support.DefaultTestContext.getApplicationContext(DefaultTestContext.java:83)
	at org.springframework.test.context.web.ServletTestExecutionListener.setUpRequestContextIfNecessary(ServletTestExecutionListener.java:189)
	at org.springframework.test.context.web.ServletTestExecutionListener.prepareTestInstance(ServletTestExecutionListener.java:131)
	at org.springframework.test.context.TestContextManager.prepareTestInstance(TestContextManager.java:230)
	at org.springframework.test.context.junit4.SpringJUnit4ClassRunner.createTest(SpringJUnit4ClassRunner.java:228)
	at org.springframework.test.context.junit4.SpringJUnit4ClassRunner$1.runReflectiveCall(SpringJUnit4ClassRunner.java:287)
	at org.junit.internal.runners.model.ReflectiveCallable.run(ReflectiveCallable.java:12)
	at org.springframework.test.context.junit4.SpringJUnit4ClassRunner.methodBlock(SpringJUnit4ClassRunner.java:289)
	at org.springframework.test.context.junit4.SpringJUnit4ClassRunner.runChild(SpringJUnit4ClassRunner.java:247)
	at org.springframework.test.context.junit4.SpringJUnit4ClassRunner.runChild(SpringJUnit4ClassRunner.java:94)
	at org.junit.runners.ParentRunner$3.run(ParentRunner.java:290)
	at org.junit.runners.ParentRunner$1.schedule(ParentRunner.java:71)
	at org.junit.runners.ParentRunner.runChildren(ParentRunner.java:288)
	at org.junit.runners.ParentRunner.access$000(ParentRunner.java:58)
	at org.junit.runners.ParentRunner$2.evaluate(ParentRunner.java:268)
	at org.springframework.test.context.junit4.statements.RunBeforeTestClassCallbacks.evaluate(RunBeforeTestClassCallbacks.java:61)
	at org.springframework.test.context.junit4.statements.RunAfterTestClassCallbacks.evaluate(RunAfterTestClassCallbacks.java:70)
	at org.junit.runners.ParentRunner.run(ParentRunner.java:363)
	at org.springframework.test.context.junit4.SpringJUnit4ClassRunner.run(SpringJUnit4ClassRunner.java:191)
	at org.junit.runner.JUnitCore.run(JUnitCore.java:137)
	at com.intellij.junit4.JUnit4IdeaTestRunner.startRunnerWithArgs(JUnit4IdeaTestRunner.java:68)
	at com.intellij.rt.execution.junit.IdeaTestRunner$Repeater.startRunnerWithArgs(IdeaTestRunner.java:47)
	at com.intellij.rt.execution.junit.JUnitStarter.prepareStreamsAndStart(JUnitStarter.java:242)
	at com.intellij.rt.execution.junit.JUnitStarter.main(JUnitStarter.java:70)
Caused by: org.springframework.beans.factory.UnsatisfiedDependencyException: Error creating bean with name 'defaultTrackerClient': Unsatisfied dependency expressed through field 'trackerConnectionManager'; nested exception is org.springframework.beans.factory.BeanCreationException: Error creating bean with name 'trackerConnectionManager': Invocation of init method failed; nested exception is java.lang.IllegalArgumentException: the value of item "tracker_server" is invalid, the correct format is host:port
	at org.springframework.beans.factory.annotation.AutowiredAnnotationBeanPostProcessor$AutowiredFieldElement.inject(AutowiredAnnotationBeanPostProcessor.java:588)
	at org.springframework.beans.factory.annotation.InjectionMetadata.inject(InjectionMetadata.java:88)
	at org.springframework.beans.factory.annotation.AutowiredAnnotationBeanPostProcessor.postProcessPropertyValues(AutowiredAnnotationBeanPostProcessor.java:366)
	at org.springframework.beans.factory.support.AbstractAutowireCapableBeanFactory.populateBean(AbstractAutowireCapableBeanFactory.java:1264)
	at org.springframework.beans.factory.support.AbstractAutowireCapableBeanFactory.doCreateBean(AbstractAutowireCapableBeanFactory.java:553)
	at org.springframework.beans.factory.support.AbstractAutowireCapableBeanFactory.createBean(AbstractAutowireCapableBeanFactory.java:483)
	at org.springframework.beans.factory.support.AbstractBeanFactory$1.getObject(AbstractBeanFactory.java:306)
	at org.springframework.beans.factory.support.DefaultSingletonBeanRegistry.getSingleton(DefaultSingletonBeanRegistry.java:230)
	at org.springframework.beans.factory.support.AbstractBeanFactory.doGetBean(AbstractBeanFactory.java:302)
	at org.springframework.beans.factory.support.AbstractBeanFactory.getBean(AbstractBeanFactory.java:202)
	at org.springframework.beans.factory.config.DependencyDescriptor.resolveCandidate(DependencyDescriptor.java:208)
	at org.springframework.beans.factory.support.DefaultListableBeanFactory.doResolveDependency(DefaultListableBeanFactory.java:1138)
	at org.springframework.beans.factory.support.DefaultListableBeanFactory.resolveDependency(DefaultListableBeanFactory.java:1066)
	at org.springframework.beans.factory.annotation.AutowiredAnnotationBeanPostProcessor$AutowiredFieldElement.inject(AutowiredAnnotationBeanPostProcessor.java:585)
	... 42 common frames omitted
Caused by: org.springframework.beans.factory.BeanCreationException: Error creating bean with name 'trackerConnectionManager': Invocation of init method failed; nested exception is java.lang.IllegalArgumentException: the value of item "tracker_server" is invalid, the correct format is host:port
	at org.springframework.beans.factory.annotation.InitDestroyAnnotationBeanPostProcessor.postProcessBeforeInitialization(InitDestroyAnnotationBeanPostProcessor.java:137)
	at org.springframework.beans.factory.support.AbstractAutowireCapableBeanFactory.applyBeanPostProcessorsBeforeInitialization(AbstractAutowireCapableBeanFactory.java:409)
	at org.springframework.beans.factory.support.AbstractAutowireCapableBeanFactory.initializeBean(AbstractAutowireCapableBeanFactory.java:1620)
	at org.springframework.beans.factory.support.AbstractAutowireCapableBeanFactory.doCreateBean(AbstractAutowireCapableBeanFactory.java:555)
	at org.springframework.beans.factory.support.AbstractAutowireCapableBeanFactory.createBean(AbstractAutowireCapableBeanFactory.java:483)
	at org.springframework.beans.factory.support.AbstractBeanFactory$1.getObject(AbstractBeanFactory.java:306)
	at org.springframework.beans.factory.support.DefaultSingletonBeanRegistry.getSingleton(DefaultSingletonBeanRegistry.java:230)
	at org.springframework.beans.factory.support.AbstractBeanFactory.doGetBean(AbstractBeanFactory.java:302)
	at org.springframework.beans.factory.support.AbstractBeanFactory.getBean(AbstractBeanFactory.java:202)
	at org.springframework.beans.factory.config.DependencyDescriptor.resolveCandidate(DependencyDescriptor.java:208)
	at org.springframework.beans.factory.support.DefaultListableBeanFactory.doResolveDependency(DefaultListableBeanFactory.java:1138)
	at org.springframework.beans.factory.support.DefaultListableBeanFactory.resolveDependency(DefaultListableBeanFactory.java:1066)
	at org.springframework.beans.factory.annotation.AutowiredAnnotationBeanPostProcessor$AutowiredFieldElement.inject(AutowiredAnnotationBeanPostProcessor.java:585)
	... 55 common frames omitted
Caused by: java.lang.IllegalArgumentException: the value of item "tracker_server" is invalid, the correct format is host:port
	at com.github.tobato.fastdfs.domain.fdfs.TrackerLocator.buildTrackerAddresses(TrackerLocator.java:75)
	at com.github.tobato.fastdfs.domain.fdfs.TrackerLocator.<init>(TrackerLocator.java:61)
	at com.github.tobato.fastdfs.domain.conn.TrackerConnectionManager.initTracker(TrackerConnectionManager.java:56)
	at sun.reflect.NativeMethodAccessorImpl.invoke0(Native Method)
	at sun.reflect.NativeMethodAccessorImpl.invoke(NativeMethodAccessorImpl.java:62)
	at sun.reflect.DelegatingMethodAccessorImpl.invoke(DelegatingMethodAccessorImpl.java:43)
	at java.lang.reflect.Method.invoke(Method.java:498)
	at org.springframework.beans.factory.annotation.InitDestroyAnnotationBeanPostProcessor$LifecycleElement.invoke(InitDestroyAnnotationBeanPostProcessor.java:366)
	at org.springframework.beans.factory.annotation.InitDestroyAnnotationBeanPostProcessor$LifecycleMetadata.invokeInitMethods(InitDestroyAnnotationBeanPostProcessor.java:311)
	at org.springframework.beans.factory.annotation.InitDestroyAnnotationBeanPostProcessor.postProcessBeforeInitialization(InitDestroyAnnotationBeanPostProcessor.java:134)
	... 67 common frames omitted
2018-12-26 18:32:34.502 [main] ERROR o.springframework.test.context.TestContextManager - Caught exception while allowing TestExecutionListener [org.springframework.test.context.web.ServletTestExecutionListener@1139b2f3] to prepare test instance [com.baizhi.springb1.Springb1ApplicationTests@277bf091]
java.lang.IllegalStateException: Failed to load ApplicationContext
	at org.springframework.test.context.cache.DefaultCacheAwareContextLoaderDelegate.loadContext(DefaultCacheAwareContextLoaderDelegate.java:124)
	at org.springframework.test.context.support.DefaultTestContext.getApplicationContext(DefaultTestContext.java:83)
	at org.springframework.test.context.web.ServletTestExecutionListener.setUpRequestContextIfNecessary(ServletTestExecutionListener.java:189)
	at org.springframework.test.context.web.ServletTestExecutionListener.prepareTestInstance(ServletTestExecutionListener.java:131)
	at org.springframework.test.context.TestContextManager.prepareTestInstance(TestContextManager.java:230)
	at org.springframework.test.context.junit4.SpringJUnit4ClassRunner.createTest(SpringJUnit4ClassRunner.java:228)
	at org.springframework.test.context.junit4.SpringJUnit4ClassRunner$1.runReflectiveCall(SpringJUnit4ClassRunner.java:287)
	at org.junit.internal.runners.model.ReflectiveCallable.run(ReflectiveCallable.java:12)
	at org.springframework.test.context.junit4.SpringJUnit4ClassRunner.methodBlock(SpringJUnit4ClassRunner.java:289)
	at org.springframework.test.context.junit4.SpringJUnit4ClassRunner.runChild(SpringJUnit4ClassRunner.java:247)
	at org.springframework.test.context.junit4.SpringJUnit4ClassRunner.runChild(SpringJUnit4ClassRunner.java:94)
	at org.junit.runners.ParentRunner$3.run(ParentRunner.java:290)
	at org.junit.runners.ParentRunner$1.schedule(ParentRunner.java:71)
	at org.junit.runners.ParentRunner.runChildren(ParentRunner.java:288)
	at org.junit.runners.ParentRunner.access$000(ParentRunner.java:58)
	at org.junit.runners.ParentRunner$2.evaluate(ParentRunner.java:268)
	at org.springframework.test.context.junit4.statements.RunBeforeTestClassCallbacks.evaluate(RunBeforeTestClassCallbacks.java:61)
	at org.springframework.test.context.junit4.statements.RunAfterTestClassCallbacks.evaluate(RunAfterTestClassCallbacks.java:70)
	at org.junit.runners.ParentRunner.run(ParentRunner.java:363)
	at org.springframework.test.context.junit4.SpringJUnit4ClassRunner.run(SpringJUnit4ClassRunner.java:191)
	at org.junit.runner.JUnitCore.run(JUnitCore.java:137)
	at com.intellij.junit4.JUnit4IdeaTestRunner.startRunnerWithArgs(JUnit4IdeaTestRunner.java:68)
	at com.intellij.rt.execution.junit.IdeaTestRunner$Repeater.startRunnerWithArgs(IdeaTestRunner.java:47)
	at com.intellij.rt.execution.junit.JUnitStarter.prepareStreamsAndStart(JUnitStarter.java:242)
	at com.intellij.rt.execution.junit.JUnitStarter.main(JUnitStarter.java:70)
Caused by: org.springframework.beans.factory.UnsatisfiedDependencyException: Error creating bean with name 'defaultAppendFileStorageClient': Unsatisfied dependency expressed through field 'trackerClient'; nested exception is org.springframework.beans.factory.UnsatisfiedDependencyException: Error creating bean with name 'defaultTrackerClient': Unsatisfied dependency expressed through field 'trackerConnectionManager'; nested exception is org.springframework.beans.factory.BeanCreationException: Error creating bean with name 'trackerConnectionManager': Invocation of init method failed; nested exception is java.lang.IllegalArgumentException: the value of item "tracker_server" is invalid, the correct format is host:port
	at org.springframework.beans.factory.annotation.AutowiredAnnotationBeanPostProcessor$AutowiredFieldElement.inject(AutowiredAnnotationBeanPostProcessor.java:588)
	at org.springframework.beans.factory.annotation.InjectionMetadata.inject(InjectionMetadata.java:88)
	at org.springframework.beans.factory.annotation.AutowiredAnnotationBeanPostProcessor.postProcessPropertyValues(AutowiredAnnotationBeanPostProcessor.java:366)
	at org.springframework.beans.factory.support.AbstractAutowireCapableBeanFactory.populateBean(AbstractAutowireCapableBeanFactory.java:1264)
	at org.springframework.beans.factory.support.AbstractAutowireCapableBeanFactory.doCreateBean(AbstractAutowireCapableBeanFactory.java:553)
	at org.springframework.beans.factory.support.AbstractAutowireCapableBeanFactory.createBean(AbstractAutowireCapableBeanFactory.java:483)
	at org.springframework.beans.factory.support.AbstractBeanFactory$1.getObject(AbstractBeanFactory.java:306)
	at org.springframework.beans.factory.support.DefaultSingletonBeanRegistry.getSingleton(DefaultSingletonBeanRegistry.java:230)
	at org.springframework.beans.factory.support.AbstractBeanFactory.doGetBean(AbstractBeanFactory.java:302)
	at org.springframework.beans.factory.support.AbstractBeanFactory.getBean(AbstractBeanFactory.java:197)
	at org.springframework.beans.factory.support.DefaultListableBeanFactory.preInstantiateSingletons(DefaultListableBeanFactory.java:761)
	at org.springframework.context.support.AbstractApplicationContext.finishBeanFactoryInitialization(AbstractApplicationContext.java:867)
	at org.springframework.context.support.AbstractApplicationContext.refresh(AbstractApplicationContext.java:543)
	at org.springframework.boot.SpringApplication.refresh(SpringApplication.java:693)
	at org.springframework.boot.SpringApplication.refreshContext(SpringApplication.java:360)
	at org.springframework.boot.SpringApplication.run(SpringApplication.java:303)
	at org.springframework.boot.test.context.SpringBootContextLoader.loadContext(SpringBootContextLoader.java:120)
	at org.springframework.test.context.cache.DefaultCacheAwareContextLoaderDelegate.loadContextInternal(DefaultCacheAwareContextLoaderDelegate.java:98)
	at org.springframework.test.context.cache.DefaultCacheAwareContextLoaderDelegate.loadContext(DefaultCacheAwareContextLoaderDelegate.java:116)
	... 24 common frames omitted
Caused by: org.springframework.beans.factory.UnsatisfiedDependencyException: Error creating bean with name 'defaultTrackerClient': Unsatisfied dependency expressed through field 'trackerConnectionManager'; nested exception is org.springframework.beans.factory.BeanCreationException: Error creating bean with name 'trackerConnectionManager': Invocation of init method failed; nested exception is java.lang.IllegalArgumentException: the value of item "tracker_server" is invalid, the correct format is host:port
	at org.springframework.beans.factory.annotation.AutowiredAnnotationBeanPostProcessor$AutowiredFieldElement.inject(AutowiredAnnotationBeanPostProcessor.java:588)
	at org.springframework.beans.factory.annotation.InjectionMetadata.inject(InjectionMetadata.java:88)
	at org.springframework.beans.factory.annotation.AutowiredAnnotationBeanPostProcessor.postProcessPropertyValues(AutowiredAnnotationBeanPostProcessor.java:366)
	at org.springframework.beans.factory.support.AbstractAutowireCapableBeanFactory.populateBean(AbstractAutowireCapableBeanFactory.java:1264)
	at org.springframework.beans.factory.support.AbstractAutowireCapableBeanFactory.doCreateBean(AbstractAutowireCapableBeanFactory.java:553)
	at org.springframework.beans.factory.support.AbstractAutowireCapableBeanFactory.createBean(AbstractAutowireCapableBeanFactory.java:483)
	at org.springframework.beans.factory.support.AbstractBeanFactory$1.getObject(AbstractBeanFactory.java:306)
	at org.springframework.beans.factory.support.DefaultSingletonBeanRegistry.getSingleton(DefaultSingletonBeanRegistry.java:230)
	at org.springframework.beans.factory.support.AbstractBeanFactory.doGetBean(AbstractBeanFactory.java:302)
	at org.springframework.beans.factory.support.AbstractBeanFactory.getBean(AbstractBeanFactory.java:202)
	at org.springframework.beans.factory.config.DependencyDescriptor.resolveCandidate(DependencyDescriptor.java:208)
	at org.springframework.beans.factory.support.DefaultListableBeanFactory.doResolveDependency(DefaultListableBeanFactory.java:1138)
	at org.springframework.beans.factory.support.DefaultListableBeanFactory.resolveDependency(DefaultListableBeanFactory.java:1066)
	at org.springframework.beans.factory.annotation.AutowiredAnnotationBeanPostProcessor$AutowiredFieldElement.inject(AutowiredAnnotationBeanPostProcessor.java:585)
	... 42 common frames omitted
Caused by: org.springframework.beans.factory.BeanCreationException: Error creating bean with name 'trackerConnectionManager': Invocation of init method failed; nested exception is java.lang.IllegalArgumentException: the value of item "tracker_server" is invalid, the correct format is host:port
	at org.springframework.beans.factory.annotation.InitDestroyAnnotationBeanPostProcessor.postProcessBeforeInitialization(InitDestroyAnnotationBeanPostProcessor.java:137)
	at org.springframework.beans.factory.support.AbstractAutowireCapableBeanFactory.applyBeanPostProcessorsBeforeInitialization(AbstractAutowireCapableBeanFactory.java:409)
	at org.springframework.beans.factory.support.AbstractAutowireCapableBeanFactory.initializeBean(AbstractAutowireCapableBeanFactory.java:1620)
	at org.springframework.beans.factory.support.AbstractAutowireCapableBeanFactory.doCreateBean(AbstractAutowireCapableBeanFactory.java:555)
	at org.springframework.beans.factory.support.AbstractAutowireCapableBeanFactory.createBean(AbstractAutowireCapableBeanFactory.java:483)
	at org.springframework.beans.factory.support.AbstractBeanFactory$1.getObject(AbstractBeanFactory.java:306)
	at org.springframework.beans.factory.support.DefaultSingletonBeanRegistry.getSingleton(DefaultSingletonBeanRegistry.java:230)
	at org.springframework.beans.factory.support.AbstractBeanFactory.doGetBean(AbstractBeanFactory.java:302)
	at org.springframework.beans.factory.support.AbstractBeanFactory.getBean(AbstractBeanFactory.java:202)
	at org.springframework.beans.factory.config.DependencyDescriptor.resolveCandidate(DependencyDescriptor.java:208)
	at org.springframework.beans.factory.support.DefaultListableBeanFactory.doResolveDependency(DefaultListableBeanFactory.java:1138)
	at org.springframework.beans.factory.support.DefaultListableBeanFactory.resolveDependency(DefaultListableBeanFactory.java:1066)
	at org.springframework.beans.factory.annotation.AutowiredAnnotationBeanPostProcessor$AutowiredFieldElement.inject(AutowiredAnnotationBeanPostProcessor.java:585)
	... 55 common frames omitted
Caused by: java.lang.IllegalArgumentException: the value of item "tracker_server" is invalid, the correct format is host:port
	at com.github.tobato.fastdfs.domain.fdfs.TrackerLocator.buildTrackerAddresses(TrackerLocator.java:75)
	at com.github.tobato.fastdfs.domain.fdfs.TrackerLocator.<init>(TrackerLocator.java:61)
	at com.github.tobato.fastdfs.domain.conn.TrackerConnectionManager.initTracker(TrackerConnectionManager.java:56)
	at sun.reflect.NativeMethodAccessorImpl.invoke0(Native Method)
	at sun.reflect.NativeMethodAccessorImpl.invoke(NativeMethodAccessorImpl.java:62)
	at sun.reflect.DelegatingMethodAccessorImpl.invoke(DelegatingMethodAccessorImpl.java:43)
	at java.lang.reflect.Method.invoke(Method.java:498)
	at org.springframework.beans.factory.annotation.InitDestroyAnnotationBeanPostProcessor$LifecycleElement.invoke(InitDestroyAnnotationBeanPostProcessor.java:366)
	at org.springframework.beans.factory.annotation.InitDestroyAnnotationBeanPostProcessor$LifecycleMetadata.invokeInitMethods(InitDestroyAnnotationBeanPostProcessor.java:311)
	at org.springframework.beans.factory.annotation.InitDestroyAnnotationBeanPostProcessor.postProcessBeforeInitialization(InitDestroyAnnotationBeanPostProcessor.java:134)
	... 67 common frames omitted
2018-12-26 18:34:18.620 [main] INFO  o.s.b.t.context.SpringBootTestContextBootstrapper - Neither @ContextConfiguration nor @ContextHierarchy found for test class [com.baizhi.springb1.Springb1ApplicationTests], using SpringBootContextLoader
2018-12-26 18:34:18.635 [main] INFO  o.s.test.context.support.AbstractContextLoader - Could not detect default resource locations for test class [com.baizhi.springb1.Springb1ApplicationTests]: no resource found for suffixes {-context.xml, Context.groovy}.
2018-12-26 18:34:18.638 [main] INFO  o.s.t.c.support.AnnotationConfigContextLoaderUtils - Could not detect default configuration classes for test class [com.baizhi.springb1.Springb1ApplicationTests]: Springb1ApplicationTests does not declare any static, non-private, non-final, nested classes annotated with @Configuration.
2018-12-26 18:34:18.967 [main] INFO  o.s.b.t.context.SpringBootTestContextBootstrapper - Found @SpringBootConfiguration com.baizhi.springb1.Springb1Application for test class com.baizhi.springb1.Springb1ApplicationTests
2018-12-26 18:34:18.987 [main] INFO  o.s.b.t.context.SpringBootTestContextBootstrapper - Loaded default TestExecutionListener class names from location [META-INF/spring.factories]: [org.springframework.boot.test.mock.mockito.MockitoTestExecutionListener, org.springframework.boot.test.mock.mockito.ResetMocksTestExecutionListener, org.springframework.boot.test.autoconfigure.restdocs.RestDocsTestExecutionListener, org.springframework.boot.test.autoconfigure.web.client.MockRestServiceServerResetTestExecutionListener, org.springframework.boot.test.autoconfigure.web.servlet.MockMvcPrintOnlyOnFailureTestExecutionListener, org.springframework.boot.test.autoconfigure.web.servlet.WebDriverTestExecutionListener, org.springframework.test.context.web.ServletTestExecutionListener, org.springframework.test.context.support.DirtiesContextBeforeModesTestExecutionListener, org.springframework.test.context.support.DependencyInjectionTestExecutionListener, org.springframework.test.context.support.DirtiesContextTestExecutionListener, org.springframework.test.context.transaction.TransactionalTestExecutionListener, org.springframework.test.context.jdbc.SqlScriptsTestExecutionListener]
2018-12-26 18:34:19.044 [main] INFO  o.s.b.t.context.SpringBootTestContextBootstrapper - Using TestExecutionListeners: [org.springframework.test.context.web.ServletTestExecutionListener@635eaaf1, org.springframework.test.context.support.DirtiesContextBeforeModesTestExecutionListener@5c30a9b0, org.springframework.boot.test.autoconfigure.SpringBootDependencyInjectionTestExecutionListener@1ddf84b8, org.springframework.test.context.support.DirtiesContextTestExecutionListener@1139b2f3, org.springframework.test.context.transaction.TransactionalTestExecutionListener@7a69b07, org.springframework.test.context.jdbc.SqlScriptsTestExecutionListener@5e82df6a, org.springframework.boot.test.autoconfigure.web.client.MockRestServiceServerResetTestExecutionListener@3f197a46, org.springframework.boot.test.mock.mockito.ResetMocksTestExecutionListener@636be97c, org.springframework.boot.test.autoconfigure.web.servlet.MockMvcPrintOnlyOnFailureTestExecutionListener@50a638b5, org.springframework.boot.test.autoconfigure.web.servlet.WebDriverTestExecutionListener@1817d444, org.springframework.boot.test.autoconfigure.restdocs.RestDocsTestExecutionListener@6ca8564a, org.springframework.boot.test.mock.mockito.MockitoTestExecutionListener@50b472aa]
2018-12-26 18:34:21.201 [main] INFO  com.baizhi.springb1.Springb1ApplicationTests - Starting Springb1ApplicationTests on MyPC with PID 21052 (started by HENGEN in D:\ideaworkspace\springb\springb-1)
2018-12-26 18:34:21.201 [main] INFO  com.baizhi.springb1.Springb1ApplicationTests - No active profile set, falling back to default profiles: default
2018-12-26 18:34:21.352 [main] INFO  o.s.w.context.support.GenericWebApplicationContext - Refreshing org.springframework.web.context.support.GenericWebApplicationContext@15bb5034: startup date [Wed Dec 26 18:34:21 CST 2018]; root of context hierarchy
2018-12-26 18:34:23.016 [background-preinit] INFO  org.hibernate.validator.internal.util.Version - HV000001: Hibernate Validator 5.3.5.Final
2018-12-26 18:34:24.810 [main] WARN  tk.mybatis.spring.mapper.ClassPathMapperScanner - No MyBatis mapper was found in '[com.baizhi.springb1]' package. Please check your configuration.
2018-12-26 18:34:24.923 [main] WARN  org.mybatis.spring.mapper.ClassPathMapperScanner - No MyBatis mapper was found in '[com.baizhi.springb1]' package. Please check your configuration.
2018-12-26 18:34:28.411 [main] WARN  o.s.b.c.p.ConfigurationPropertiesBindingPostProcessor - The @ConfigurationProperties bean class com.github.tobato.fastdfs.domain.conn.TrackerConnectionManager contains validation constraints but had not been annotated with @Validated.
2018-12-26 18:34:28.413 [main] WARN  o.s.b.c.p.ConfigurationPropertiesBindingPostProcessor - The @ConfigurationProperties bean class com.github.tobato.fastdfs.domain.conn.TrackerConnectionManager contains validation constraints but had not been annotated with @Validated.
2018-12-26 18:34:28.414 [main] WARN  o.s.b.c.p.ConfigurationPropertiesBindingPostProcessor - The @ConfigurationProperties bean class com.github.tobato.fastdfs.domain.conn.TrackerConnectionManager contains validation constraints but had not been annotated with @Validated.
2018-12-26 18:34:29.987 [main] INFO  o.s.w.s.m.m.a.RequestMappingHandlerAdapter - Looking for @ControllerAdvice: org.springframework.web.context.support.GenericWebApplicationContext@15bb5034: startup date [Wed Dec 26 18:34:21 CST 2018]; root of context hierarchy
2018-12-26 18:34:30.164 [main] INFO  o.s.w.s.m.m.a.RequestMappingHandlerMapping - Mapped "{[/admin/test]}" onto public java.lang.String com.baizhi.springb1.controller.AdminController.test()
2018-12-26 18:34:30.166 [main] INFO  o.s.w.s.m.m.a.RequestMappingHandlerMapping - Mapped "{[/admin/image]}" onto public void com.baizhi.springb1.controller.AdminController.image(javax.servlet.http.HttpServletResponse,javax.servlet.http.HttpSession) throws java.io.IOException
2018-12-26 18:34:30.168 [main] INFO  o.s.w.s.m.m.a.RequestMappingHandlerMapping - Mapped "{[/admin/test1]}" onto public java.lang.String com.baizhi.springb1.controller.AdminController.test1(java.util.Date)
2018-12-26 18:34:30.169 [main] INFO  o.s.w.s.m.m.a.RequestMappingHandlerMapping - Mapped "{[/admin/login]}" onto public com.baizhi.springb1.entity.Admin com.baizhi.springb1.controller.AdminController.login(java.lang.String,java.lang.String,java.lang.String,javax.servlet.http.HttpSession)
2018-12-26 18:34:30.171 [main] INFO  o.s.w.s.m.m.a.RequestMappingHandlerMapping - Mapped "{[/album/add],methods=[POST]}" onto public void com.baizhi.springb1.controller.AlbumController.add(com.baizhi.springb1.entity.Album,org.springframework.web.multipart.MultipartFile) throws java.io.IOException
2018-12-26 18:34:30.173 [main] INFO  o.s.w.s.m.m.a.RequestMappingHandlerMapping - Mapped "{[/album/showOne]}" onto public com.baizhi.springb1.entity.DtoAlbum com.baizhi.springb1.controller.AlbumController.showOne(java.lang.Integer)
2018-12-26 18:34:30.174 [main] INFO  o.s.w.s.m.m.a.RequestMappingHandlerMapping - Mapped "{[/album/exportAllAlbum]}" onto public void com.baizhi.springb1.controller.AlbumController.exportAllAlbum(javax.servlet.http.HttpServletResponse)
2018-12-26 18:34:30.175 [main] INFO  o.s.w.s.m.m.a.RequestMappingHandlerMapping - Mapped "{[/album/showAll]}" onto public com.baizhi.springb1.entity.DtoAlbum com.baizhi.springb1.controller.AlbumController.showAll(int,int)
2018-12-26 18:34:30.178 [main] INFO  o.s.w.s.m.m.a.RequestMappingHandlerMapping - Mapped "{[/banner/add],methods=[POST]}" onto public void com.baizhi.springb1.controller.BannerController.add(com.baizhi.springb1.entity.Banner,org.springframework.web.multipart.MultipartFile,javax.servlet.http.HttpServletRequest) throws java.io.IOException
2018-12-26 18:34:30.179 [main] INFO  o.s.w.s.m.m.a.RequestMappingHandlerMapping - Mapped "{[/banner/update]}" onto public void com.baizhi.springb1.controller.BannerController.update(java.lang.Integer,java.lang.Integer)
2018-12-26 18:34:30.180 [main] INFO  o.s.w.s.m.m.a.RequestMappingHandlerMapping - Mapped "{[/banner/delete]}" onto public void com.baizhi.springb1.controller.BannerController.delete(java.lang.Integer)
2018-12-26 18:34:30.181 [main] INFO  o.s.w.s.m.m.a.RequestMappingHandlerMapping - Mapped "{[/banner/showAll]}" onto public com.baizhi.springb1.entity.DtoBanner com.baizhi.springb1.controller.BannerController.showAll(int,int)
2018-12-26 18:34:30.184 [main] INFO  o.s.w.s.m.m.a.RequestMappingHandlerMapping - Mapped "{[/chapter/add]}" onto public void com.baizhi.springb1.controller.ChapterController.add(com.baizhi.springb1.entity.Chapter,org.springframework.web.multipart.MultipartFile)
2018-12-26 18:34:30.185 [main] INFO  o.s.w.s.m.m.a.RequestMappingHandlerMapping - Mapped "{[/chapter/download]}" onto public void com.baizhi.springb1.controller.ChapterController.download(java.lang.String,javax.servlet.http.HttpServletResponse,javax.servlet.http.HttpSession,javax.servlet.http.HttpServletRequest) throws java.io.IOException
2018-12-26 18:34:30.213 [main] INFO  o.s.w.s.m.m.a.RequestMappingHandlerMapping - Mapped "{[/menu/showAllZi/{id}]}" onto public java.util.List<com.baizhi.springb1.entity.Menu> com.baizhi.springb1.controller.MenuController.showAllZi(java.lang.Integer)
2018-12-26 18:34:30.214 [main] INFO  o.s.w.s.m.m.a.RequestMappingHandlerMapping - Mapped "{[/menu/showAllFu]}" onto public java.util.List<com.baizhi.springb1.entity.Menu> com.baizhi.springb1.controller.MenuController.showAllFu()
2018-12-26 18:34:30.221 [main] INFO  o.s.w.s.m.m.a.RequestMappingHandlerMapping - Mapped "{[/user/updateUser]}" onto public void com.baizhi.springb1.controller.UserController.update(com.baizhi.springb1.entity.User)
2018-12-26 18:34:30.223 [main] INFO  o.s.w.s.m.m.a.RequestMappingHandlerMapping - Mapped "{[/user/importUsers]}" onto public void com.baizhi.springb1.controller.UserController.importUsers(org.springframework.web.multipart.MultipartFile)
2018-12-26 18:34:30.224 [main] INFO  o.s.w.s.m.m.a.RequestMappingHandlerMapping - Mapped "{[/user/findByRegDate/{week}]}" onto public java.util.Map<java.lang.String, java.lang.Object> com.baizhi.springb1.controller.UserController.findByRegDate(java.lang.Integer)
2018-12-26 18:34:30.225 [main] INFO  o.s.w.s.m.m.a.RequestMappingHandlerMapping - Mapped "{[/user/findUserByGroup]}" onto public java.util.Map<java.lang.String, java.util.List<com.baizhi.springb1.entity.Province>> com.baizhi.springb1.controller.UserController.findUserByGroup()
2018-12-26 18:34:30.226 [main] INFO  o.s.w.s.m.m.a.RequestMappingHandlerMapping - Mapped "{[/user/exportAllUser]}" onto public void com.baizhi.springb1.controller.UserController.exportAllUser(javax.servlet.http.HttpServletResponse)
2018-12-26 18:34:30.234 [main] INFO  o.s.w.s.m.m.a.RequestMappingHandlerMapping - Mapped "{[/user/byPage]}" onto public com.baizhi.springb1.entity.DtoUser com.baizhi.springb1.controller.UserController.findUserByPage(int,int)
2018-12-26 18:34:30.249 [main] INFO  o.s.w.s.m.m.a.RequestMappingHandlerMapping - Mapped "{[/error]}" onto public org.springframework.http.ResponseEntity<java.util.Map<java.lang.String, java.lang.Object>> org.springframework.boot.autoconfigure.web.BasicErrorController.error(javax.servlet.http.HttpServletRequest)
2018-12-26 18:34:30.250 [main] INFO  o.s.w.s.m.m.a.RequestMappingHandlerMapping - Mapped "{[/error],produces=[text/html]}" onto public org.springframework.web.servlet.ModelAndView org.springframework.boot.autoconfigure.web.BasicErrorController.errorHtml(javax.servlet.http.HttpServletRequest,javax.servlet.http.HttpServletResponse)
2018-12-26 18:34:30.367 [main] INFO  o.s.web.servlet.handler.SimpleUrlHandlerMapping - Mapped URL path [/webjars/**] onto handler of type [class org.springframework.web.servlet.resource.ResourceHttpRequestHandler]
2018-12-26 18:34:30.369 [main] INFO  o.s.web.servlet.handler.SimpleUrlHandlerMapping - Mapped URL path [/**] onto handler of type [class org.springframework.web.servlet.resource.ResourceHttpRequestHandler]
2018-12-26 18:34:30.431 [main] INFO  o.s.w.s.m.m.a.ExceptionHandlerExceptionResolver - Detected @ExceptionHandler methods in globleException
2018-12-26 18:34:30.543 [main] INFO  o.s.web.servlet.handler.SimpleUrlHandlerMapping - Mapped URL path [/**/favicon.ico] onto handler of type [class org.springframework.web.servlet.resource.ResourceHttpRequestHandler]
2018-12-26 18:34:30.810 [main] INFO  t.mybatis.mapper.autoconfigure.MapperCacheDisabler - Clear tk.mybatis.mapper.util.MsUtil CLASS_CACHE cache.
2018-12-26 18:34:30.811 [main] INFO  t.mybatis.mapper.autoconfigure.MapperCacheDisabler - Clear tk.mybatis.mapper.genid.GenIdUtil CACHE cache.
2018-12-26 18:34:30.812 [main] INFO  t.mybatis.mapper.autoconfigure.MapperCacheDisabler - Clear tk.mybatis.mapper.version.VersionUtil CACHE cache.
2018-12-26 18:34:30.813 [main] INFO  t.mybatis.mapper.autoconfigure.MapperCacheDisabler - Clear EntityHelper entityTableMap cache.
2018-12-26 18:34:31.727 [main] INFO  o.s.jmx.export.annotation.AnnotationMBeanExporter - Registering beans for JMX exposure on startup
2018-12-26 18:34:31.730 [main] INFO  o.s.jmx.export.annotation.AnnotationMBeanExporter - Bean with name 'fdfsConnectionPool' has been autodetected for JMX exposure
2018-12-26 18:34:31.733 [main] INFO  o.s.jmx.export.annotation.AnnotationMBeanExporter - Bean with name 'dataSource' has been autodetected for JMX exposure
2018-12-26 18:34:31.750 [main] INFO  o.s.jmx.export.annotation.AnnotationMBeanExporter - Located MBean 'fdfsConnectionPool': registering with JMX server as MBean [com.github.tobato.fastdfs.domain.conn:name=fdfsConnectionPool,type=FdfsConnectionPool]
2018-12-26 18:34:31.752 [main] INFO  o.s.jmx.export.annotation.AnnotationMBeanExporter - Located MBean 'dataSource': registering with JMX server as MBean [com.alibaba.druid.pool:name=dataSource,type=DruidDataSource]
2018-12-26 18:34:31.812 [main] INFO  com.baizhi.springb1.Springb1ApplicationTests - Started Springb1ApplicationTests in 12.282 seconds (JVM running for 15.963)
2018-12-26 18:34:32.372 [Thread-5] INFO  o.s.w.context.support.GenericWebApplicationContext - Closing org.springframework.web.context.support.GenericWebApplicationContext@15bb5034: startup date [Wed Dec 26 18:34:21 CST 2018]; root of context hierarchy
2018-12-26 18:34:32.378 [Thread-5] INFO  o.s.jmx.export.annotation.AnnotationMBeanExporter - Unregistering JMX-exposed beans on shutdown
2018-12-26 18:34:32.380 [Thread-5] INFO  o.s.jmx.export.annotation.AnnotationMBeanExporter - Unregistering JMX-exposed beans
2018-12-26 18:34:32.381 [Thread-5] WARN  o.s.jmx.export.annotation.AnnotationMBeanExporter - Could not unregister MBean [com.github.tobato.fastdfs.domain.conn:name=fdfsConnectionPool,type=FdfsConnectionPool] as said MBean is not registered (perhaps already unregistered by an external process)
2018-12-26 18:36:23.103 [restartedMain] INFO  com.baizhi.springb1.Springb1Application - Starting Springb1Application on MyPC with PID 17048 (D:\ideaworkspace\springb\springb-1\target\classes started by HENGEN in D:\ideaworkspace\springb\springb-1)
2018-12-26 18:36:23.109 [restartedMain] INFO  com.baizhi.springb1.Springb1Application - No active profile set, falling back to default profiles: default
2018-12-26 18:36:23.320 [restartedMain] INFO  o.s.b.c.e.AnnotationConfigEmbeddedWebApplicationContext - Refreshing org.springframework.boot.context.embedded.AnnotationConfigEmbeddedWebApplicationContext@3e609c6e: startup date [Wed Dec 26 18:36:23 CST 2018]; root of context hierarchy
2018-12-26 18:36:24.133 [background-preinit] INFO  org.hibernate.validator.internal.util.Version - HV000001: Hibernate Validator 5.3.5.Final
2018-12-26 18:36:26.783 [restartedMain] WARN  tk.mybatis.spring.mapper.ClassPathMapperScanner - No MyBatis mapper was found in '[com.baizhi.springb1]' package. Please check your configuration.
2018-12-26 18:36:26.915 [restartedMain] WARN  org.mybatis.spring.mapper.ClassPathMapperScanner - No MyBatis mapper was found in '[com.baizhi.springb1]' package. Please check your configuration.
2018-12-26 18:36:30.077 [restartedMain] INFO  o.s.b.c.e.tomcat.TomcatEmbeddedServletContainer - Tomcat initialized with port(s): 8089 (http)
2018-12-26 18:36:30.156 [restartedMain] INFO  org.apache.catalina.core.StandardService - Starting service [Tomcat]
2018-12-26 18:36:30.157 [restartedMain] INFO  org.apache.catalina.core.StandardEngine - Starting Servlet Engine: Apache Tomcat/8.5.23
2018-12-26 18:36:31.135 [localhost-startStop-1] INFO  org.apache.jasper.servlet.TldScanner - At least one JAR was scanned for TLDs yet contained no TLDs. Enable debug logging for this logger for a complete list of JARs that were scanned but no TLDs were found in them. Skipping unneeded JARs during scanning can improve startup time and JSP compilation time.
2018-12-26 18:36:31.170 [localhost-startStop-1] INFO  o.a.c.c.C.[Tomcat].[localhost].[/springb-1] - Initializing Spring embedded WebApplicationContext
2018-12-26 18:36:31.171 [localhost-startStop-1] INFO  org.springframework.web.context.ContextLoader - Root WebApplicationContext: initialization completed in 7852 ms
2018-12-26 18:36:31.726 [localhost-startStop-1] INFO  o.s.boot.web.servlet.ServletRegistrationBean - Mapping servlet: 'dispatcherServlet' to [/]
2018-12-26 18:36:31.734 [localhost-startStop-1] INFO  o.s.boot.web.servlet.FilterRegistrationBean - Mapping filter: 'characterEncodingFilter' to: [/*]
2018-12-26 18:36:31.735 [localhost-startStop-1] INFO  o.s.boot.web.servlet.FilterRegistrationBean - Mapping filter: 'hiddenHttpMethodFilter' to: [/*]
2018-12-26 18:36:31.735 [localhost-startStop-1] INFO  o.s.boot.web.servlet.FilterRegistrationBean - Mapping filter: 'httpPutFormContentFilter' to: [/*]
2018-12-26 18:36:31.736 [localhost-startStop-1] INFO  o.s.boot.web.servlet.FilterRegistrationBean - Mapping filter: 'requestContextFilter' to: [/*]
2018-12-26 18:36:33.762 [restartedMain] WARN  o.s.b.c.p.ConfigurationPropertiesBindingPostProcessor - The @ConfigurationProperties bean class com.github.tobato.fastdfs.domain.conn.TrackerConnectionManager contains validation constraints but had not been annotated with @Validated.
2018-12-26 18:36:33.764 [restartedMain] WARN  o.s.b.c.p.ConfigurationPropertiesBindingPostProcessor - The @ConfigurationProperties bean class com.github.tobato.fastdfs.domain.conn.TrackerConnectionManager contains validation constraints but had not been annotated with @Validated.
2018-12-26 18:36:33.764 [restartedMain] WARN  o.s.b.c.p.ConfigurationPropertiesBindingPostProcessor - The @ConfigurationProperties bean class com.github.tobato.fastdfs.domain.conn.TrackerConnectionManager contains validation constraints but had not been annotated with @Validated.
2018-12-26 18:36:34.866 [restartedMain] INFO  o.s.w.s.m.m.a.RequestMappingHandlerAdapter - Looking for @ControllerAdvice: org.springframework.boot.context.embedded.AnnotationConfigEmbeddedWebApplicationContext@3e609c6e: startup date [Wed Dec 26 18:36:23 CST 2018]; root of context hierarchy
2018-12-26 18:36:35.141 [restartedMain] INFO  o.s.w.s.m.m.a.RequestMappingHandlerMapping - Mapped "{[/admin/test]}" onto public java.lang.String com.baizhi.springb1.controller.AdminController.test()
2018-12-26 18:36:35.154 [restartedMain] INFO  o.s.w.s.m.m.a.RequestMappingHandlerMapping - Mapped "{[/admin/image]}" onto public void com.baizhi.springb1.controller.AdminController.image(javax.servlet.http.HttpServletResponse,javax.servlet.http.HttpSession) throws java.io.IOException
2018-12-26 18:36:35.157 [restartedMain] INFO  o.s.w.s.m.m.a.RequestMappingHandlerMapping - Mapped "{[/admin/test1]}" onto public java.lang.String com.baizhi.springb1.controller.AdminController.test1(java.util.Date)
2018-12-26 18:36:35.159 [restartedMain] INFO  o.s.w.s.m.m.a.RequestMappingHandlerMapping - Mapped "{[/admin/login]}" onto public com.baizhi.springb1.entity.Admin com.baizhi.springb1.controller.AdminController.login(java.lang.String,java.lang.String,java.lang.String,javax.servlet.http.HttpSession)
2018-12-26 18:36:35.170 [restartedMain] INFO  o.s.w.s.m.m.a.RequestMappingHandlerMapping - Mapped "{[/album/add],methods=[POST]}" onto public void com.baizhi.springb1.controller.AlbumController.add(com.baizhi.springb1.entity.Album,org.springframework.web.multipart.MultipartFile) throws java.io.IOException
2018-12-26 18:36:35.170 [restartedMain] INFO  o.s.w.s.m.m.a.RequestMappingHandlerMapping - Mapped "{[/album/showOne]}" onto public com.baizhi.springb1.entity.DtoAlbum com.baizhi.springb1.controller.AlbumController.showOne(java.lang.Integer)
2018-12-26 18:36:35.171 [restartedMain] INFO  o.s.w.s.m.m.a.RequestMappingHandlerMapping - Mapped "{[/album/exportAllAlbum]}" onto public void com.baizhi.springb1.controller.AlbumController.exportAllAlbum(javax.servlet.http.HttpServletResponse)
2018-12-26 18:36:35.175 [restartedMain] INFO  o.s.w.s.m.m.a.RequestMappingHandlerMapping - Mapped "{[/album/showAll]}" onto public com.baizhi.springb1.entity.DtoAlbum com.baizhi.springb1.controller.AlbumController.showAll(int,int)
2018-12-26 18:36:35.184 [restartedMain] INFO  o.s.w.s.m.m.a.RequestMappingHandlerMapping - Mapped "{[/banner/add],methods=[POST]}" onto public void com.baizhi.springb1.controller.BannerController.add(com.baizhi.springb1.entity.Banner,org.springframework.web.multipart.MultipartFile,javax.servlet.http.HttpServletRequest) throws java.io.IOException
2018-12-26 18:36:35.184 [restartedMain] INFO  o.s.w.s.m.m.a.RequestMappingHandlerMapping - Mapped "{[/banner/update]}" onto public void com.baizhi.springb1.controller.BannerController.update(java.lang.Integer,java.lang.Integer)
2018-12-26 18:36:35.184 [restartedMain] INFO  o.s.w.s.m.m.a.RequestMappingHandlerMapping - Mapped "{[/banner/delete]}" onto public void com.baizhi.springb1.controller.BannerController.delete(java.lang.Integer)
2018-12-26 18:36:35.185 [restartedMain] INFO  o.s.w.s.m.m.a.RequestMappingHandlerMapping - Mapped "{[/banner/showAll]}" onto public com.baizhi.springb1.entity.DtoBanner com.baizhi.springb1.controller.BannerController.showAll(int,int)
2018-12-26 18:36:35.192 [restartedMain] INFO  o.s.w.s.m.m.a.RequestMappingHandlerMapping - Mapped "{[/chapter/add]}" onto public void com.baizhi.springb1.controller.ChapterController.add(com.baizhi.springb1.entity.Chapter,org.springframework.web.multipart.MultipartFile)
2018-12-26 18:36:35.196 [restartedMain] INFO  o.s.w.s.m.m.a.RequestMappingHandlerMapping - Mapped "{[/chapter/download]}" onto public void com.baizhi.springb1.controller.ChapterController.download(java.lang.String,javax.servlet.http.HttpServletResponse,javax.servlet.http.HttpSession,javax.servlet.http.HttpServletRequest) throws java.io.IOException
2018-12-26 18:36:35.209 [restartedMain] INFO  o.s.w.s.m.m.a.RequestMappingHandlerMapping - Mapped "{[/menu/showAllFu]}" onto public java.util.List<com.baizhi.springb1.entity.Menu> com.baizhi.springb1.controller.MenuController.showAllFu()
2018-12-26 18:36:35.317 [restartedMain] INFO  o.s.w.s.m.m.a.RequestMappingHandlerMapping - Mapped "{[/menu/showAllZi/{id}]}" onto public java.util.List<com.baizhi.springb1.entity.Menu> com.baizhi.springb1.controller.MenuController.showAllZi(java.lang.Integer)
2018-12-26 18:36:35.321 [restartedMain] INFO  o.s.w.s.m.m.a.RequestMappingHandlerMapping - Mapped "{[/user/updateUser]}" onto public void com.baizhi.springb1.controller.UserController.update(com.baizhi.springb1.entity.User)
2018-12-26 18:36:35.321 [restartedMain] INFO  o.s.w.s.m.m.a.RequestMappingHandlerMapping - Mapped "{[/user/findUserByGroup]}" onto public java.util.Map<java.lang.String, java.util.List<com.baizhi.springb1.entity.Province>> com.baizhi.springb1.controller.UserController.findUserByGroup()
2018-12-26 18:36:35.321 [restartedMain] INFO  o.s.w.s.m.m.a.RequestMappingHandlerMapping - Mapped "{[/user/findByRegDate/{week}]}" onto public java.util.Map<java.lang.String, java.lang.Object> com.baizhi.springb1.controller.UserController.findByRegDate(java.lang.Integer)
2018-12-26 18:36:35.322 [restartedMain] INFO  o.s.w.s.m.m.a.RequestMappingHandlerMapping - Mapped "{[/user/importUsers]}" onto public void com.baizhi.springb1.controller.UserController.importUsers(org.springframework.web.multipart.MultipartFile)
2018-12-26 18:36:35.322 [restartedMain] INFO  o.s.w.s.m.m.a.RequestMappingHandlerMapping - Mapped "{[/user/exportAllUser]}" onto public void com.baizhi.springb1.controller.UserController.exportAllUser(javax.servlet.http.HttpServletResponse)
2018-12-26 18:36:35.323 [restartedMain] INFO  o.s.w.s.m.m.a.RequestMappingHandlerMapping - Mapped "{[/user/byPage]}" onto public com.baizhi.springb1.entity.DtoUser com.baizhi.springb1.controller.UserController.findUserByPage(int,int)
2018-12-26 18:36:35.326 [restartedMain] INFO  o.s.w.s.m.m.a.RequestMappingHandlerMapping - Mapped "{[/error]}" onto public org.springframework.http.ResponseEntity<java.util.Map<java.lang.String, java.lang.Object>> org.springframework.boot.autoconfigure.web.BasicErrorController.error(javax.servlet.http.HttpServletRequest)
2018-12-26 18:36:35.327 [restartedMain] INFO  o.s.w.s.m.m.a.RequestMappingHandlerMapping - Mapped "{[/error],produces=[text/html]}" onto public org.springframework.web.servlet.ModelAndView org.springframework.boot.autoconfigure.web.BasicErrorController.errorHtml(javax.servlet.http.HttpServletRequest,javax.servlet.http.HttpServletResponse)
2018-12-26 18:36:35.442 [restartedMain] INFO  o.s.web.servlet.handler.SimpleUrlHandlerMapping - Mapped URL path [/webjars/**] onto handler of type [class org.springframework.web.servlet.resource.ResourceHttpRequestHandler]
2018-12-26 18:36:35.443 [restartedMain] INFO  o.s.web.servlet.handler.SimpleUrlHandlerMapping - Mapped URL path [/**] onto handler of type [class org.springframework.web.servlet.resource.ResourceHttpRequestHandler]
2018-12-26 18:36:35.493 [restartedMain] INFO  o.s.w.s.m.m.a.ExceptionHandlerExceptionResolver - Detected @ExceptionHandler methods in globleException
2018-12-26 18:36:35.590 [restartedMain] INFO  o.s.web.servlet.handler.SimpleUrlHandlerMapping - Mapped URL path [/**/favicon.ico] onto handler of type [class org.springframework.web.servlet.resource.ResourceHttpRequestHandler]
2018-12-26 18:36:35.845 [restartedMain] INFO  t.mybatis.mapper.autoconfigure.MapperCacheDisabler - Clear tk.mybatis.mapper.util.MsUtil CLASS_CACHE cache.
2018-12-26 18:36:35.846 [restartedMain] INFO  t.mybatis.mapper.autoconfigure.MapperCacheDisabler - Clear tk.mybatis.mapper.genid.GenIdUtil CACHE cache.
2018-12-26 18:36:35.847 [restartedMain] INFO  t.mybatis.mapper.autoconfigure.MapperCacheDisabler - Clear tk.mybatis.mapper.version.VersionUtil CACHE cache.
2018-12-26 18:36:35.847 [restartedMain] INFO  t.mybatis.mapper.autoconfigure.MapperCacheDisabler - Clear EntityHelper entityTableMap cache.
2018-12-26 18:36:38.234 [restartedMain] INFO  o.s.b.d.autoconfigure.OptionalLiveReloadServer - LiveReload server is running on port 35729
2018-12-26 18:36:38.812 [restartedMain] INFO  o.s.jmx.export.annotation.AnnotationMBeanExporter - Registering beans for JMX exposure on startup
2018-12-26 18:36:38.814 [restartedMain] INFO  o.s.jmx.export.annotation.AnnotationMBeanExporter - Bean with name 'fdfsConnectionPool' has been autodetected for JMX exposure
2018-12-26 18:36:38.818 [restartedMain] INFO  o.s.jmx.export.annotation.AnnotationMBeanExporter - Bean with name 'dataSource' has been autodetected for JMX exposure
2018-12-26 18:36:38.861 [restartedMain] INFO  o.s.jmx.export.annotation.AnnotationMBeanExporter - Located MBean 'fdfsConnectionPool': registering with JMX server as MBean [com.github.tobato.fastdfs.domain.conn:name=fdfsConnectionPool,type=FdfsConnectionPool]
2018-12-26 18:36:38.863 [restartedMain] INFO  o.s.jmx.export.annotation.AnnotationMBeanExporter - Located MBean 'dataSource': registering with JMX server as MBean [com.alibaba.druid.pool:name=dataSource,type=DruidDataSource]
2018-12-26 18:36:38.952 [restartedMain] INFO  org.apache.coyote.http11.Http11NioProtocol - Initializing ProtocolHandler ["http-nio-8089"]
2018-12-26 18:36:39.199 [restartedMain] INFO  org.apache.coyote.http11.Http11NioProtocol - Starting ProtocolHandler ["http-nio-8089"]
2018-12-26 18:36:39.235 [restartedMain] INFO  org.apache.tomcat.util.net.NioSelectorPool - Using a shared selector for servlet write/read
2018-12-26 18:36:40.499 [restartedMain] INFO  o.s.b.c.e.tomcat.TomcatEmbeddedServletContainer - Tomcat started on port(s): 8089 (http)
2018-12-26 18:36:40.513 [restartedMain] INFO  com.baizhi.springb1.Springb1Application - Started Springb1Application in 18.155 seconds (JVM running for 19.624)
2018-12-26 18:38:59.634 [http-nio-8089-exec-9] INFO  o.a.c.c.C.[Tomcat].[localhost].[/springb-1] - Initializing Spring FrameworkServlet 'dispatcherServlet'
2018-12-26 18:38:59.635 [http-nio-8089-exec-9] INFO  org.springframework.web.servlet.DispatcherServlet - FrameworkServlet 'dispatcherServlet': initialization started
2018-12-26 18:38:59.732 [http-nio-8089-exec-9] INFO  org.springframework.web.servlet.DispatcherServlet - FrameworkServlet 'dispatcherServlet': initialization completed in 96 ms
2018-12-26 18:39:02.951 [http-nio-8089-exec-3] INFO  com.alibaba.druid.pool.DruidDataSource - {dataSource-1} inited
2018-12-26 19:14:46.100 [main] INFO  o.s.b.t.context.SpringBootTestContextBootstrapper - Neither @ContextConfiguration nor @ContextHierarchy found for test class [com.baizhi.springb1.Springb1ApplicationTests], using SpringBootContextLoader
2018-12-26 19:14:46.121 [main] INFO  o.s.test.context.support.AbstractContextLoader - Could not detect default resource locations for test class [com.baizhi.springb1.Springb1ApplicationTests]: no resource found for suffixes {-context.xml, Context.groovy}.
2018-12-26 19:14:46.123 [main] INFO  o.s.t.c.support.AnnotationConfigContextLoaderUtils - Could not detect default configuration classes for test class [com.baizhi.springb1.Springb1ApplicationTests]: Springb1ApplicationTests does not declare any static, non-private, non-final, nested classes annotated with @Configuration.
2018-12-26 19:14:46.438 [main] INFO  o.s.b.t.context.SpringBootTestContextBootstrapper - Found @SpringBootConfiguration com.baizhi.springb1.Springb1Application for test class com.baizhi.springb1.Springb1ApplicationTests
2018-12-26 19:14:46.480 [main] INFO  o.s.b.t.context.SpringBootTestContextBootstrapper - Loaded default TestExecutionListener class names from location [META-INF/spring.factories]: [org.springframework.boot.test.mock.mockito.MockitoTestExecutionListener, org.springframework.boot.test.mock.mockito.ResetMocksTestExecutionListener, org.springframework.boot.test.autoconfigure.restdocs.RestDocsTestExecutionListener, org.springframework.boot.test.autoconfigure.web.client.MockRestServiceServerResetTestExecutionListener, org.springframework.boot.test.autoconfigure.web.servlet.MockMvcPrintOnlyOnFailureTestExecutionListener, org.springframework.boot.test.autoconfigure.web.servlet.WebDriverTestExecutionListener, org.springframework.test.context.web.ServletTestExecutionListener, org.springframework.test.context.support.DirtiesContextBeforeModesTestExecutionListener, org.springframework.test.context.support.DependencyInjectionTestExecutionListener, org.springframework.test.context.support.DirtiesContextTestExecutionListener, org.springframework.test.context.transaction.TransactionalTestExecutionListener, org.springframework.test.context.jdbc.SqlScriptsTestExecutionListener]
2018-12-26 19:14:46.573 [main] INFO  o.s.b.t.context.SpringBootTestContextBootstrapper - Using TestExecutionListeners: [org.springframework.test.context.web.ServletTestExecutionListener@635eaaf1, org.springframework.test.context.support.DirtiesContextBeforeModesTestExecutionListener@5c30a9b0, org.springframework.boot.test.autoconfigure.SpringBootDependencyInjectionTestExecutionListener@1ddf84b8, org.springframework.test.context.support.DirtiesContextTestExecutionListener@1139b2f3, org.springframework.test.context.transaction.TransactionalTestExecutionListener@7a69b07, org.springframework.test.context.jdbc.SqlScriptsTestExecutionListener@5e82df6a, org.springframework.boot.test.autoconfigure.web.client.MockRestServiceServerResetTestExecutionListener@3f197a46, org.springframework.boot.test.mock.mockito.ResetMocksTestExecutionListener@636be97c, org.springframework.boot.test.autoconfigure.web.servlet.MockMvcPrintOnlyOnFailureTestExecutionListener@50a638b5, org.springframework.boot.test.autoconfigure.web.servlet.WebDriverTestExecutionListener@1817d444, org.springframework.boot.test.autoconfigure.restdocs.RestDocsTestExecutionListener@6ca8564a, org.springframework.boot.test.mock.mockito.MockitoTestExecutionListener@50b472aa]
2018-12-26 19:14:48.121 [main] INFO  com.baizhi.springb1.Springb1ApplicationTests - Starting Springb1ApplicationTests on MyPC with PID 5680 (started by HENGEN in D:\ideaworkspace\springb\springb-1)
2018-12-26 19:14:48.139 [main] INFO  com.baizhi.springb1.Springb1ApplicationTests - No active profile set, falling back to default profiles: default
2018-12-26 19:14:48.437 [main] INFO  o.s.w.context.support.GenericWebApplicationContext - Refreshing org.springframework.web.context.support.GenericWebApplicationContext@15bb5034: startup date [Wed Dec 26 19:14:48 CST 2018]; root of context hierarchy
2018-12-26 19:14:49.870 [background-preinit] INFO  org.hibernate.validator.internal.util.Version - HV000001: Hibernate Validator 5.3.5.Final
2018-12-26 19:14:52.606 [main] WARN  tk.mybatis.spring.mapper.ClassPathMapperScanner - No MyBatis mapper was found in '[com.baizhi.springb1]' package. Please check your configuration.
2018-12-26 19:14:52.717 [main] WARN  org.mybatis.spring.mapper.ClassPathMapperScanner - No MyBatis mapper was found in '[com.baizhi.springb1]' package. Please check your configuration.
2018-12-26 19:14:56.484 [main] WARN  o.s.b.c.p.ConfigurationPropertiesBindingPostProcessor - The @ConfigurationProperties bean class com.github.tobato.fastdfs.domain.conn.TrackerConnectionManager contains validation constraints but had not been annotated with @Validated.
2018-12-26 19:14:56.486 [main] WARN  o.s.b.c.p.ConfigurationPropertiesBindingPostProcessor - The @ConfigurationProperties bean class com.github.tobato.fastdfs.domain.conn.TrackerConnectionManager contains validation constraints but had not been annotated with @Validated.
2018-12-26 19:14:56.486 [main] WARN  o.s.b.c.p.ConfigurationPropertiesBindingPostProcessor - The @ConfigurationProperties bean class com.github.tobato.fastdfs.domain.conn.TrackerConnectionManager contains validation constraints but had not been annotated with @Validated.
2018-12-26 19:14:57.737 [main] INFO  o.s.w.s.m.m.a.RequestMappingHandlerAdapter - Looking for @ControllerAdvice: org.springframework.web.context.support.GenericWebApplicationContext@15bb5034: startup date [Wed Dec 26 19:14:48 CST 2018]; root of context hierarchy
2018-12-26 19:14:57.884 [main] INFO  o.s.w.s.m.m.a.RequestMappingHandlerMapping - Mapped "{[/admin/test]}" onto public java.lang.String com.baizhi.springb1.controller.AdminController.test()
2018-12-26 19:14:57.892 [main] INFO  o.s.w.s.m.m.a.RequestMappingHandlerMapping - Mapped "{[/admin/image]}" onto public void com.baizhi.springb1.controller.AdminController.image(javax.servlet.http.HttpServletResponse,javax.servlet.http.HttpSession) throws java.io.IOException
2018-12-26 19:14:57.893 [main] INFO  o.s.w.s.m.m.a.RequestMappingHandlerMapping - Mapped "{[/admin/login]}" onto public com.baizhi.springb1.entity.Admin com.baizhi.springb1.controller.AdminController.login(java.lang.String,java.lang.String,java.lang.String,javax.servlet.http.HttpSession)
2018-12-26 19:14:57.895 [main] INFO  o.s.w.s.m.m.a.RequestMappingHandlerMapping - Mapped "{[/admin/test1]}" onto public java.lang.String com.baizhi.springb1.controller.AdminController.test1(java.util.Date)
2018-12-26 19:14:57.904 [main] INFO  o.s.w.s.m.m.a.RequestMappingHandlerMapping - Mapped "{[/album/add],methods=[POST]}" onto public void com.baizhi.springb1.controller.AlbumController.add(com.baizhi.springb1.entity.Album,org.springframework.web.multipart.MultipartFile) throws java.io.IOException
2018-12-26 19:14:57.905 [main] INFO  o.s.w.s.m.m.a.RequestMappingHandlerMapping - Mapped "{[/album/showOne]}" onto public com.baizhi.springb1.entity.DtoAlbum com.baizhi.springb1.controller.AlbumController.showOne(java.lang.Integer)
2018-12-26 19:14:57.916 [main] INFO  o.s.w.s.m.m.a.RequestMappingHandlerMapping - Mapped "{[/album/showAll]}" onto public com.baizhi.springb1.entity.DtoAlbum com.baizhi.springb1.controller.AlbumController.showAll(int,int)
2018-12-26 19:14:57.918 [main] INFO  o.s.w.s.m.m.a.RequestMappingHandlerMapping - Mapped "{[/album/exportAllAlbum]}" onto public void com.baizhi.springb1.controller.AlbumController.exportAllAlbum(javax.servlet.http.HttpServletResponse)
2018-12-26 19:14:57.924 [main] INFO  o.s.w.s.m.m.a.RequestMappingHandlerMapping - Mapped "{[/banner/add],methods=[POST]}" onto public void com.baizhi.springb1.controller.BannerController.add(com.baizhi.springb1.entity.Banner,org.springframework.web.multipart.MultipartFile,javax.servlet.http.HttpServletRequest) throws java.io.IOException
2018-12-26 19:14:57.926 [main] INFO  o.s.w.s.m.m.a.RequestMappingHandlerMapping - Mapped "{[/banner/update]}" onto public void com.baizhi.springb1.controller.BannerController.update(java.lang.Integer,java.lang.Integer)
2018-12-26 19:14:57.927 [main] INFO  o.s.w.s.m.m.a.RequestMappingHandlerMapping - Mapped "{[/banner/delete]}" onto public void com.baizhi.springb1.controller.BannerController.delete(java.lang.Integer)
2018-12-26 19:14:57.927 [main] INFO  o.s.w.s.m.m.a.RequestMappingHandlerMapping - Mapped "{[/banner/showAll]}" onto public com.baizhi.springb1.entity.DtoBanner com.baizhi.springb1.controller.BannerController.showAll(int,int)
2018-12-26 19:14:57.933 [main] INFO  o.s.w.s.m.m.a.RequestMappingHandlerMapping - Mapped "{[/chapter/add]}" onto public void com.baizhi.springb1.controller.ChapterController.add(com.baizhi.springb1.entity.Chapter,org.springframework.web.multipart.MultipartFile)
2018-12-26 19:14:57.934 [main] INFO  o.s.w.s.m.m.a.RequestMappingHandlerMapping - Mapped "{[/chapter/download]}" onto public void com.baizhi.springb1.controller.ChapterController.download(java.lang.String,javax.servlet.http.HttpServletResponse,javax.servlet.http.HttpSession,javax.servlet.http.HttpServletRequest) throws java.io.IOException
2018-12-26 19:14:57.960 [main] INFO  o.s.w.s.m.m.a.RequestMappingHandlerMapping - Mapped "{[/menu/showAllZi/{id}]}" onto public java.util.List<com.baizhi.springb1.entity.Menu> com.baizhi.springb1.controller.MenuController.showAllZi(java.lang.Integer)
2018-12-26 19:14:57.961 [main] INFO  o.s.w.s.m.m.a.RequestMappingHandlerMapping - Mapped "{[/menu/showAllFu]}" onto public java.util.List<com.baizhi.springb1.entity.Menu> com.baizhi.springb1.controller.MenuController.showAllFu()
2018-12-26 19:14:57.972 [main] INFO  o.s.w.s.m.m.a.RequestMappingHandlerMapping - Mapped "{[/user/updateUser]}" onto public void com.baizhi.springb1.controller.UserController.update(com.baizhi.springb1.entity.User)
2018-12-26 19:14:57.980 [main] INFO  o.s.w.s.m.m.a.RequestMappingHandlerMapping - Mapped "{[/user/findUserByGroup]}" onto public java.util.Map<java.lang.String, java.util.List<com.baizhi.springb1.entity.Province>> com.baizhi.springb1.controller.UserController.findUserByGroup()
2018-12-26 19:14:57.980 [main] INFO  o.s.w.s.m.m.a.RequestMappingHandlerMapping - Mapped "{[/user/importUsers]}" onto public void com.baizhi.springb1.controller.UserController.importUsers(org.springframework.web.multipart.MultipartFile)
2018-12-26 19:14:57.981 [main] INFO  o.s.w.s.m.m.a.RequestMappingHandlerMapping - Mapped "{[/user/findByRegDate/{week}]}" onto public java.util.Map<java.lang.String, java.lang.Object> com.baizhi.springb1.controller.UserController.findByRegDate(java.lang.Integer)
2018-12-26 19:14:57.981 [main] INFO  o.s.w.s.m.m.a.RequestMappingHandlerMapping - Mapped "{[/user/byPage]}" onto public com.baizhi.springb1.entity.DtoUser com.baizhi.springb1.controller.UserController.findUserByPage(int,int)
2018-12-26 19:14:57.982 [main] INFO  o.s.w.s.m.m.a.RequestMappingHandlerMapping - Mapped "{[/user/exportAllUser]}" onto public void com.baizhi.springb1.controller.UserController.exportAllUser(javax.servlet.http.HttpServletResponse)
2018-12-26 19:14:57.988 [main] INFO  o.s.w.s.m.m.a.RequestMappingHandlerMapping - Mapped "{[/error]}" onto public org.springframework.http.ResponseEntity<java.util.Map<java.lang.String, java.lang.Object>> org.springframework.boot.autoconfigure.web.BasicErrorController.error(javax.servlet.http.HttpServletRequest)
2018-12-26 19:14:57.989 [main] INFO  o.s.w.s.m.m.a.RequestMappingHandlerMapping - Mapped "{[/error],produces=[text/html]}" onto public org.springframework.web.servlet.ModelAndView org.springframework.boot.autoconfigure.web.BasicErrorController.errorHtml(javax.servlet.http.HttpServletRequest,javax.servlet.http.HttpServletResponse)
2018-12-26 19:14:58.216 [main] INFO  o.s.web.servlet.handler.SimpleUrlHandlerMapping - Mapped URL path [/webjars/**] onto handler of type [class org.springframework.web.servlet.resource.ResourceHttpRequestHandler]
2018-12-26 19:14:58.217 [main] INFO  o.s.web.servlet.handler.SimpleUrlHandlerMapping - Mapped URL path [/**] onto handler of type [class org.springframework.web.servlet.resource.ResourceHttpRequestHandler]
2018-12-26 19:14:58.317 [main] INFO  o.s.w.s.m.m.a.ExceptionHandlerExceptionResolver - Detected @ExceptionHandler methods in globleException
2018-12-26 19:14:58.431 [main] INFO  o.s.web.servlet.handler.SimpleUrlHandlerMapping - Mapped URL path [/**/favicon.ico] onto handler of type [class org.springframework.web.servlet.resource.ResourceHttpRequestHandler]
2018-12-26 19:14:58.612 [main] INFO  t.mybatis.mapper.autoconfigure.MapperCacheDisabler - Clear tk.mybatis.mapper.util.MsUtil CLASS_CACHE cache.
2018-12-26 19:14:58.614 [main] INFO  t.mybatis.mapper.autoconfigure.MapperCacheDisabler - Clear tk.mybatis.mapper.genid.GenIdUtil CACHE cache.
2018-12-26 19:14:58.615 [main] INFO  t.mybatis.mapper.autoconfigure.MapperCacheDisabler - Clear tk.mybatis.mapper.version.VersionUtil CACHE cache.
2018-12-26 19:14:58.616 [main] INFO  t.mybatis.mapper.autoconfigure.MapperCacheDisabler - Clear EntityHelper entityTableMap cache.
2018-12-26 19:14:59.401 [main] INFO  o.s.jmx.export.annotation.AnnotationMBeanExporter - Registering beans for JMX exposure on startup
2018-12-26 19:14:59.403 [main] INFO  o.s.jmx.export.annotation.AnnotationMBeanExporter - Bean with name 'fdfsConnectionPool' has been autodetected for JMX exposure
2018-12-26 19:14:59.405 [main] INFO  o.s.jmx.export.annotation.AnnotationMBeanExporter - Bean with name 'dataSource' has been autodetected for JMX exposure
2018-12-26 19:14:59.414 [main] INFO  o.s.jmx.export.annotation.AnnotationMBeanExporter - Located MBean 'fdfsConnectionPool': registering with JMX server as MBean [com.github.tobato.fastdfs.domain.conn:name=fdfsConnectionPool,type=FdfsConnectionPool]
2018-12-26 19:14:59.416 [main] INFO  o.s.jmx.export.annotation.AnnotationMBeanExporter - Located MBean 'dataSource': registering with JMX server as MBean [com.alibaba.druid.pool:name=dataSource,type=DruidDataSource]
2018-12-26 19:14:59.453 [main] INFO  com.baizhi.springb1.Springb1ApplicationTests - Started Springb1ApplicationTests in 12.499 seconds (JVM running for 15.784)
2018-12-26 19:14:59.973 [Thread-5] INFO  o.s.w.context.support.GenericWebApplicationContext - Closing org.springframework.web.context.support.GenericWebApplicationContext@15bb5034: startup date [Wed Dec 26 19:14:48 CST 2018]; root of context hierarchy
2018-12-26 19:14:59.980 [Thread-5] INFO  o.s.jmx.export.annotation.AnnotationMBeanExporter - Unregistering JMX-exposed beans on shutdown
2018-12-26 19:14:59.980 [Thread-5] INFO  o.s.jmx.export.annotation.AnnotationMBeanExporter - Unregistering JMX-exposed beans
2018-12-26 19:14:59.981 [Thread-5] WARN  o.s.jmx.export.annotation.AnnotationMBeanExporter - Could not unregister MBean [com.github.tobato.fastdfs.domain.conn:name=fdfsConnectionPool,type=FdfsConnectionPool] as said MBean is not registered (perhaps already unregistered by an external process)
2018-12-26 22:07:52.547 [restartedMain] INFO  com.baizhi.springb1.Springb1Application - Starting Springb1Application on MyPC with PID 10524 (D:\ideaworkspace\springb\springb-1\target\classes started by HENGEN in D:\ideaworkspace\springb\springb-1)
2018-12-26 22:07:52.553 [restartedMain] INFO  com.baizhi.springb1.Springb1Application - No active profile set, falling back to default profiles: default
2018-12-26 22:07:52.779 [restartedMain] INFO  o.s.b.c.e.AnnotationConfigEmbeddedWebApplicationContext - Refreshing org.springframework.boot.context.embedded.AnnotationConfigEmbeddedWebApplicationContext@35903bd9: startup date [Wed Dec 26 22:07:52 CST 2018]; root of context hierarchy
2018-12-26 22:07:53.336 [background-preinit] INFO  org.hibernate.validator.internal.util.Version - HV000001: Hibernate Validator 5.3.5.Final
2018-12-26 22:07:55.881 [restartedMain] WARN  tk.mybatis.spring.mapper.ClassPathMapperScanner - No MyBatis mapper was found in '[com.baizhi.springb1]' package. Please check your configuration.
2018-12-26 22:07:56.110 [restartedMain] WARN  org.mybatis.spring.mapper.ClassPathMapperScanner - No MyBatis mapper was found in '[com.baizhi.springb1]' package. Please check your configuration.
2018-12-26 22:07:58.545 [restartedMain] INFO  o.s.b.c.e.tomcat.TomcatEmbeddedServletContainer - Tomcat initialized with port(s): 8089 (http)
2018-12-26 22:07:58.571 [restartedMain] INFO  org.apache.catalina.core.StandardService - Starting service [Tomcat]
2018-12-26 22:07:58.572 [restartedMain] INFO  org.apache.catalina.core.StandardEngine - Starting Servlet Engine: Apache Tomcat/8.5.23
2018-12-26 22:07:59.310 [localhost-startStop-1] INFO  org.apache.jasper.servlet.TldScanner - At least one JAR was scanned for TLDs yet contained no TLDs. Enable debug logging for this logger for a complete list of JARs that were scanned but no TLDs were found in them. Skipping unneeded JARs during scanning can improve startup time and JSP compilation time.
2018-12-26 22:07:59.321 [localhost-startStop-1] INFO  o.a.c.c.C.[Tomcat].[localhost].[/springb-1] - Initializing Spring embedded WebApplicationContext
2018-12-26 22:07:59.322 [localhost-startStop-1] INFO  org.springframework.web.context.ContextLoader - Root WebApplicationContext: initialization completed in 6543 ms
2018-12-26 22:07:59.741 [localhost-startStop-1] INFO  o.s.boot.web.servlet.ServletRegistrationBean - Mapping servlet: 'dispatcherServlet' to [/]
2018-12-26 22:07:59.752 [localhost-startStop-1] INFO  o.s.boot.web.servlet.FilterRegistrationBean - Mapping filter: 'characterEncodingFilter' to: [/*]
2018-12-26 22:07:59.754 [localhost-startStop-1] INFO  o.s.boot.web.servlet.FilterRegistrationBean - Mapping filter: 'hiddenHttpMethodFilter' to: [/*]
2018-12-26 22:07:59.756 [localhost-startStop-1] INFO  o.s.boot.web.servlet.FilterRegistrationBean - Mapping filter: 'httpPutFormContentFilter' to: [/*]
2018-12-26 22:07:59.757 [localhost-startStop-1] INFO  o.s.boot.web.servlet.FilterRegistrationBean - Mapping filter: 'requestContextFilter' to: [/*]
2018-12-26 22:08:01.675 [restartedMain] WARN  o.s.b.c.p.ConfigurationPropertiesBindingPostProcessor - The @ConfigurationProperties bean class com.github.tobato.fastdfs.domain.conn.TrackerConnectionManager contains validation constraints but had not been annotated with @Validated.
2018-12-26 22:08:01.678 [restartedMain] WARN  o.s.b.c.p.ConfigurationPropertiesBindingPostProcessor - The @ConfigurationProperties bean class com.github.tobato.fastdfs.domain.conn.TrackerConnectionManager contains validation constraints but had not been annotated with @Validated.
2018-12-26 22:08:01.678 [restartedMain] WARN  o.s.b.c.p.ConfigurationPropertiesBindingPostProcessor - The @ConfigurationProperties bean class com.github.tobato.fastdfs.domain.conn.TrackerConnectionManager contains validation constraints but had not been annotated with @Validated.
2018-12-26 22:08:03.192 [restartedMain] INFO  o.s.w.s.m.m.a.RequestMappingHandlerAdapter - Looking for @ControllerAdvice: org.springframework.boot.context.embedded.AnnotationConfigEmbeddedWebApplicationContext@35903bd9: startup date [Wed Dec 26 22:07:52 CST 2018]; root of context hierarchy
2018-12-26 22:08:03.347 [restartedMain] INFO  o.s.w.s.m.m.a.RequestMappingHandlerMapping - Mapped "{[/admin/test]}" onto public java.lang.String com.baizhi.springb1.controller.AdminController.test()
2018-12-26 22:08:03.350 [restartedMain] INFO  o.s.w.s.m.m.a.RequestMappingHandlerMapping - Mapped "{[/admin/test1]}" onto public java.lang.String com.baizhi.springb1.controller.AdminController.test1(java.util.Date)
2018-12-26 22:08:03.351 [restartedMain] INFO  o.s.w.s.m.m.a.RequestMappingHandlerMapping - Mapped "{[/admin/image]}" onto public void com.baizhi.springb1.controller.AdminController.image(javax.servlet.http.HttpServletResponse,javax.servlet.http.HttpSession) throws java.io.IOException
2018-12-26 22:08:03.352 [restartedMain] INFO  o.s.w.s.m.m.a.RequestMappingHandlerMapping - Mapped "{[/admin/login]}" onto public com.baizhi.springb1.entity.Admin com.baizhi.springb1.controller.AdminController.login(java.lang.String,java.lang.String,java.lang.String,javax.servlet.http.HttpSession)
2018-12-26 22:08:03.356 [restartedMain] INFO  o.s.w.s.m.m.a.RequestMappingHandlerMapping - Mapped "{[/album/add],methods=[POST]}" onto public void com.baizhi.springb1.controller.AlbumController.add(com.baizhi.springb1.entity.Album,org.springframework.web.multipart.MultipartFile) throws java.io.IOException
2018-12-26 22:08:03.356 [restartedMain] INFO  o.s.w.s.m.m.a.RequestMappingHandlerMapping - Mapped "{[/album/exportAllAlbum]}" onto public void com.baizhi.springb1.controller.AlbumController.exportAllAlbum(javax.servlet.http.HttpServletResponse)
2018-12-26 22:08:03.356 [restartedMain] INFO  o.s.w.s.m.m.a.RequestMappingHandlerMapping - Mapped "{[/album/showOne]}" onto public com.baizhi.springb1.entity.DtoAlbum com.baizhi.springb1.controller.AlbumController.showOne(java.lang.Integer)
2018-12-26 22:08:03.358 [restartedMain] INFO  o.s.w.s.m.m.a.RequestMappingHandlerMapping - Mapped "{[/album/showAll]}" onto public com.baizhi.springb1.entity.DtoAlbum com.baizhi.springb1.controller.AlbumController.showAll(int,int)
2018-12-26 22:08:03.359 [restartedMain] INFO  o.s.w.s.m.m.a.RequestMappingHandlerMapping - Mapped "{[/banner/add],methods=[POST]}" onto public void com.baizhi.springb1.controller.BannerController.add(com.baizhi.springb1.entity.Banner,org.springframework.web.multipart.MultipartFile,javax.servlet.http.HttpServletRequest) throws java.io.IOException
2018-12-26 22:08:03.361 [restartedMain] INFO  o.s.w.s.m.m.a.RequestMappingHandlerMapping - Mapped "{[/banner/update]}" onto public void com.baizhi.springb1.controller.BannerController.update(java.lang.Integer,java.lang.Integer)
2018-12-26 22:08:03.361 [restartedMain] INFO  o.s.w.s.m.m.a.RequestMappingHandlerMapping - Mapped "{[/banner/delete]}" onto public void com.baizhi.springb1.controller.BannerController.delete(java.lang.Integer)
2018-12-26 22:08:03.363 [restartedMain] INFO  o.s.w.s.m.m.a.RequestMappingHandlerMapping - Mapped "{[/banner/showAll]}" onto public com.baizhi.springb1.entity.DtoBanner com.baizhi.springb1.controller.BannerController.showAll(int,int)
2018-12-26 22:08:03.365 [restartedMain] INFO  o.s.w.s.m.m.a.RequestMappingHandlerMapping - Mapped "{[/chapter/add]}" onto public void com.baizhi.springb1.controller.ChapterController.add(com.baizhi.springb1.entity.Chapter,org.springframework.web.multipart.MultipartFile)
2018-12-26 22:08:03.365 [restartedMain] INFO  o.s.w.s.m.m.a.RequestMappingHandlerMapping - Mapped "{[/chapter/download]}" onto public void com.baizhi.springb1.controller.ChapterController.download(java.lang.String,javax.servlet.http.HttpServletResponse,javax.servlet.http.HttpSession,javax.servlet.http.HttpServletRequest) throws java.io.IOException
2018-12-26 22:08:03.372 [restartedMain] INFO  o.s.w.s.m.m.a.RequestMappingHandlerMapping - Mapped "{[/menu/showAllZi/{id}]}" onto public java.util.List<com.baizhi.springb1.entity.Menu> com.baizhi.springb1.controller.MenuController.showAllZi(java.lang.Integer)
2018-12-26 22:08:03.372 [restartedMain] INFO  o.s.w.s.m.m.a.RequestMappingHandlerMapping - Mapped "{[/menu/showAllFu]}" onto public java.util.List<com.baizhi.springb1.entity.Menu> com.baizhi.springb1.controller.MenuController.showAllFu()
2018-12-26 22:08:03.374 [restartedMain] INFO  o.s.w.s.m.m.a.RequestMappingHandlerMapping - Mapped "{[/user/updateUser]}" onto public void com.baizhi.springb1.controller.UserController.update(com.baizhi.springb1.entity.User)
2018-12-26 22:08:03.375 [restartedMain] INFO  o.s.w.s.m.m.a.RequestMappingHandlerMapping - Mapped "{[/user/findUserByGroup]}" onto public java.util.Map<java.lang.String, java.util.List<com.baizhi.springb1.entity.Province>> com.baizhi.springb1.controller.UserController.findUserByGroup()
2018-12-26 22:08:03.375 [restartedMain] INFO  o.s.w.s.m.m.a.RequestMappingHandlerMapping - Mapped "{[/user/byPage]}" onto public com.baizhi.springb1.entity.DtoUser com.baizhi.springb1.controller.UserController.findUserByPage(int,int)
2018-12-26 22:08:03.376 [restartedMain] INFO  o.s.w.s.m.m.a.RequestMappingHandlerMapping - Mapped "{[/user/findByRegDate/{week}]}" onto public java.util.Map<java.lang.String, java.lang.Object> com.baizhi.springb1.controller.UserController.findByRegDate(java.lang.Integer)
2018-12-26 22:08:03.377 [restartedMain] INFO  o.s.w.s.m.m.a.RequestMappingHandlerMapping - Mapped "{[/user/importUsers]}" onto public void com.baizhi.springb1.controller.UserController.importUsers(org.springframework.web.multipart.MultipartFile)
2018-12-26 22:08:03.378 [restartedMain] INFO  o.s.w.s.m.m.a.RequestMappingHandlerMapping - Mapped "{[/user/exportAllUser]}" onto public void com.baizhi.springb1.controller.UserController.exportAllUser(javax.servlet.http.HttpServletResponse)
2018-12-26 22:08:03.382 [restartedMain] INFO  o.s.w.s.m.m.a.RequestMappingHandlerMapping - Mapped "{[/error]}" onto public org.springframework.http.ResponseEntity<java.util.Map<java.lang.String, java.lang.Object>> org.springframework.boot.autoconfigure.web.BasicErrorController.error(javax.servlet.http.HttpServletRequest)
2018-12-26 22:08:03.383 [restartedMain] INFO  o.s.w.s.m.m.a.RequestMappingHandlerMapping - Mapped "{[/error],produces=[text/html]}" onto public org.springframework.web.servlet.ModelAndView org.springframework.boot.autoconfigure.web.BasicErrorController.errorHtml(javax.servlet.http.HttpServletRequest,javax.servlet.http.HttpServletResponse)
2018-12-26 22:08:03.467 [restartedMain] INFO  o.s.web.servlet.handler.SimpleUrlHandlerMapping - Mapped URL path [/webjars/**] onto handler of type [class org.springframework.web.servlet.resource.ResourceHttpRequestHandler]
2018-12-26 22:08:03.467 [restartedMain] INFO  o.s.web.servlet.handler.SimpleUrlHandlerMapping - Mapped URL path [/**] onto handler of type [class org.springframework.web.servlet.resource.ResourceHttpRequestHandler]
2018-12-26 22:08:03.516 [restartedMain] INFO  o.s.w.s.m.m.a.ExceptionHandlerExceptionResolver - Detected @ExceptionHandler methods in globleException
2018-12-26 22:08:03.579 [restartedMain] INFO  o.s.web.servlet.handler.SimpleUrlHandlerMapping - Mapped URL path [/**/favicon.ico] onto handler of type [class org.springframework.web.servlet.resource.ResourceHttpRequestHandler]
2018-12-26 22:08:03.722 [restartedMain] INFO  t.mybatis.mapper.autoconfigure.MapperCacheDisabler - Clear tk.mybatis.mapper.util.MsUtil CLASS_CACHE cache.
2018-12-26 22:08:03.723 [restartedMain] INFO  t.mybatis.mapper.autoconfigure.MapperCacheDisabler - Clear tk.mybatis.mapper.genid.GenIdUtil CACHE cache.
2018-12-26 22:08:03.725 [restartedMain] INFO  t.mybatis.mapper.autoconfigure.MapperCacheDisabler - Clear tk.mybatis.mapper.version.VersionUtil CACHE cache.
2018-12-26 22:08:03.725 [restartedMain] INFO  t.mybatis.mapper.autoconfigure.MapperCacheDisabler - Clear EntityHelper entityTableMap cache.
2018-12-26 22:08:04.486 [restartedMain] INFO  o.s.b.d.autoconfigure.OptionalLiveReloadServer - LiveReload server is running on port 35729
2018-12-26 22:08:04.600 [restartedMain] INFO  o.s.jmx.export.annotation.AnnotationMBeanExporter - Registering beans for JMX exposure on startup
2018-12-26 22:08:04.602 [restartedMain] INFO  o.s.jmx.export.annotation.AnnotationMBeanExporter - Bean with name 'fdfsConnectionPool' has been autodetected for JMX exposure
2018-12-26 22:08:04.603 [restartedMain] INFO  o.s.jmx.export.annotation.AnnotationMBeanExporter - Bean with name 'dataSource' has been autodetected for JMX exposure
2018-12-26 22:08:04.612 [restartedMain] INFO  o.s.jmx.export.annotation.AnnotationMBeanExporter - Located MBean 'fdfsConnectionPool': registering with JMX server as MBean [com.github.tobato.fastdfs.domain.conn:name=fdfsConnectionPool,type=FdfsConnectionPool]
2018-12-26 22:08:04.613 [restartedMain] INFO  o.s.jmx.export.annotation.AnnotationMBeanExporter - Located MBean 'dataSource': registering with JMX server as MBean [com.alibaba.druid.pool:name=dataSource,type=DruidDataSource]
2018-12-26 22:08:04.637 [restartedMain] INFO  org.apache.coyote.http11.Http11NioProtocol - Initializing ProtocolHandler ["http-nio-8089"]
2018-12-26 22:08:04.664 [restartedMain] INFO  org.apache.coyote.http11.Http11NioProtocol - Starting ProtocolHandler ["http-nio-8089"]
2018-12-26 22:08:04.735 [restartedMain] INFO  org.apache.tomcat.util.net.NioSelectorPool - Using a shared selector for servlet write/read
2018-12-26 22:08:04.913 [restartedMain] INFO  o.s.b.c.e.tomcat.TomcatEmbeddedServletContainer - Tomcat started on port(s): 8089 (http)
2018-12-26 22:08:04.947 [restartedMain] INFO  com.baizhi.springb1.Springb1Application - Started Springb1Application in 13.335 seconds (JVM running for 14.964)
2018-12-26 22:08:19.827 [http-nio-8089-exec-7] INFO  o.a.c.c.C.[Tomcat].[localhost].[/springb-1] - Initializing Spring FrameworkServlet 'dispatcherServlet'
2018-12-26 22:08:19.827 [http-nio-8089-exec-7] INFO  org.springframework.web.servlet.DispatcherServlet - FrameworkServlet 'dispatcherServlet': initialization started
2018-12-26 22:08:19.892 [http-nio-8089-exec-7] INFO  org.springframework.web.servlet.DispatcherServlet - FrameworkServlet 'dispatcherServlet': initialization completed in 65 ms
2018-12-26 22:08:20.925 [http-nio-8089-exec-5] INFO  com.alibaba.druid.pool.DruidDataSource - {dataSource-1} inited
2018-12-26 22:08:29.170 [http-nio-8089-exec-9] ERROR o.a.c.c.C.[.[.[/springb-1].[dispatcherServlet] - Servlet.service() for servlet [dispatcherServlet] in context with path [/springb-1] threw exception [Request processing failed; nested exception is java.lang.StringIndexOutOfBoundsException: String index out of range: -1] with root cause
java.lang.StringIndexOutOfBoundsException: String index out of range: -1
	at java.lang.String.substring(String.java:1967)
	at com.baizhi.springb1.util.UploadUtils.getFileName(UploadUtils.java:12)
	at com.baizhi.springb1.controller.BannerController.add(BannerController.java:47)
	at sun.reflect.NativeMethodAccessorImpl.invoke0(Native Method)
	at sun.reflect.NativeMethodAccessorImpl.invoke(NativeMethodAccessorImpl.java:62)
	at sun.reflect.DelegatingMethodAccessorImpl.invoke(DelegatingMethodAccessorImpl.java:43)
	at java.lang.reflect.Method.invoke(Method.java:498)
	at org.springframework.web.method.support.InvocableHandlerMethod.doInvoke(InvocableHandlerMethod.java:205)
	at org.springframework.web.method.support.InvocableHandlerMethod.invokeForRequest(InvocableHandlerMethod.java:133)
	at org.springframework.web.servlet.mvc.method.annotation.ServletInvocableHandlerMethod.invokeAndHandle(ServletInvocableHandlerMethod.java:97)
	at org.springframework.web.servlet.mvc.method.annotation.RequestMappingHandlerAdapter.invokeHandlerMethod(RequestMappingHandlerAdapter.java:827)
	at org.springframework.web.servlet.mvc.method.annotation.RequestMappingHandlerAdapter.handleInternal(RequestMappingHandlerAdapter.java:738)
	at org.springframework.web.servlet.mvc.method.AbstractHandlerMethodAdapter.handle(AbstractHandlerMethodAdapter.java:85)
	at org.springframework.web.servlet.DispatcherServlet.doDispatch(DispatcherServlet.java:967)
	at org.springframework.web.servlet.DispatcherServlet.doService(DispatcherServlet.java:901)
	at org.springframework.web.servlet.FrameworkServlet.processRequest(FrameworkServlet.java:970)
	at org.springframework.web.servlet.FrameworkServlet.doPost(FrameworkServlet.java:872)
	at javax.servlet.http.HttpServlet.service(HttpServlet.java:661)
	at org.springframework.web.servlet.FrameworkServlet.service(FrameworkServlet.java:846)
	at javax.servlet.http.HttpServlet.service(HttpServlet.java:742)
	at org.apache.catalina.core.ApplicationFilterChain.internalDoFilter(ApplicationFilterChain.java:231)
	at org.apache.catalina.core.ApplicationFilterChain.doFilter(ApplicationFilterChain.java:166)
	at org.apache.tomcat.websocket.server.WsFilter.doFilter(WsFilter.java:52)
	at org.apache.catalina.core.ApplicationFilterChain.internalDoFilter(ApplicationFilterChain.java:193)
	at org.apache.catalina.core.ApplicationFilterChain.doFilter(ApplicationFilterChain.java:166)
	at org.springframework.web.filter.RequestContextFilter.doFilterInternal(RequestContextFilter.java:99)
	at org.springframework.web.filter.OncePerRequestFilter.doFilter(OncePerRequestFilter.java:107)
	at org.apache.catalina.core.ApplicationFilterChain.internalDoFilter(ApplicationFilterChain.java:193)
	at org.apache.catalina.core.ApplicationFilterChain.doFilter(ApplicationFilterChain.java:166)
	at org.springframework.web.filter.HttpPutFormContentFilter.doFilterInternal(HttpPutFormContentFilter.java:108)
	at org.springframework.web.filter.OncePerRequestFilter.doFilter(OncePerRequestFilter.java:107)
	at org.apache.catalina.core.ApplicationFilterChain.internalDoFilter(ApplicationFilterChain.java:193)
	at org.apache.catalina.core.ApplicationFilterChain.doFilter(ApplicationFilterChain.java:166)
	at org.springframework.web.filter.HiddenHttpMethodFilter.doFilterInternal(HiddenHttpMethodFilter.java:81)
	at org.springframework.web.filter.OncePerRequestFilter.doFilter(OncePerRequestFilter.java:107)
	at org.apache.catalina.core.ApplicationFilterChain.internalDoFilter(ApplicationFilterChain.java:193)
	at org.apache.catalina.core.ApplicationFilterChain.doFilter(ApplicationFilterChain.java:166)
	at org.springframework.web.filter.CharacterEncodingFilter.doFilterInternal(CharacterEncodingFilter.java:197)
	at org.springframework.web.filter.OncePerRequestFilter.doFilter(OncePerRequestFilter.java:107)
	at org.apache.catalina.core.ApplicationFilterChain.internalDoFilter(ApplicationFilterChain.java:193)
	at org.apache.catalina.core.ApplicationFilterChain.doFilter(ApplicationFilterChain.java:166)
	at org.apache.catalina.core.StandardWrapperValve.invoke(StandardWrapperValve.java:199)
	at org.apache.catalina.core.StandardContextValve.invoke(StandardContextValve.java:96)
	at org.apache.catalina.authenticator.AuthenticatorBase.invoke(AuthenticatorBase.java:478)
	at org.apache.catalina.core.StandardHostValve.invoke(StandardHostValve.java:140)
	at org.apache.catalina.valves.ErrorReportValve.invoke(ErrorReportValve.java:81)
	at org.apache.catalina.core.StandardEngineValve.invoke(StandardEngineValve.java:87)
	at org.apache.catalina.connector.CoyoteAdapter.service(CoyoteAdapter.java:342)
	at org.apache.coyote.http11.Http11Processor.service(Http11Processor.java:803)
	at org.apache.coyote.AbstractProcessorLight.process(AbstractProcessorLight.java:66)
	at org.apache.coyote.AbstractProtocol$ConnectionHandler.process(AbstractProtocol.java:868)
	at org.apache.tomcat.util.net.NioEndpoint$SocketProcessor.doRun(NioEndpoint.java:1459)
	at org.apache.tomcat.util.net.SocketProcessorBase.run(SocketProcessorBase.java:49)
	at java.util.concurrent.ThreadPoolExecutor.runWorker(ThreadPoolExecutor.java:1149)
	at java.util.concurrent.ThreadPoolExecutor$Worker.run(ThreadPoolExecutor.java:624)
	at org.apache.tomcat.util.threads.TaskThread$WrappingRunnable.run(TaskThread.java:61)
	at java.lang.Thread.run(Thread.java:748)
2018-12-26 22:08:52.043 [http-nio-8089-exec-1] INFO  com.baizhi.springb1.controller.BannerController - D:\ideaworkspace\springb\springb-1\.jpg
